[2021-12-28 16:47:37,247][main_page.py 228][INFO]: 跳转打开
[2021-12-28 16:47:38,878][main_page.py 115][INFO]: 点击本地打开按钮
[2021-12-28 16:47:43,029][main_page.py 117][INFO]: 操作打开文件win弹窗
[2021-12-28 16:47:43,030][main_page.py 118][INFO]: 返回按钮text
[2021-12-28 16:47:43,539][main_page.py 56][INFO]: 未发现修复检测弹框，无需修复
[2021-12-28 16:47:44,395][main_page.py 56][INFO]: 未发现修复检测弹框，无需修复
[2021-12-28 16:48:23,430][main_page.py 197][INFO]: 关闭软件
[2021-12-28 16:53:48,673][main_page.py 228][INFO]: 跳转打开
[2021-12-28 16:53:50,148][main_page.py 115][INFO]: 点击本地打开按钮
[2021-12-28 16:53:53,922][main_page.py 117][INFO]: 操作打开文件win弹窗
[2021-12-28 16:53:53,922][main_page.py 118][INFO]: 返回按钮text
[2021-12-28 16:53:54,447][main_page.py 36][INFO]: 发现检测修复弹框,是否修复
[2021-12-28 16:53:54,447][main_page.py 38][INFO]: 上传修复
[2021-12-28 16:53:54,447][main_page.py 39][INFO]: 找到FormMain.openGLWidget.FormFixQuery.widgetList
[2021-12-28 16:54:02,071][main_page.py 149][INFO]: 返回（零件列表图标，列表text,零件list[<uia_controls.ListItemWrapper - '1. 孔洞花瓶.STL', ListItem, 4324742915720761085>, <uia_controls.ListItemWrapper - '2. heart.STL', ListItem, 4324742915722008660>]）
[2021-12-28 17:00:38,236][main_page.py 228][INFO]: 跳转打开
[2021-12-28 17:00:39,654][main_page.py 115][INFO]: 点击本地打开按钮
[2021-12-28 17:00:43,467][main_page.py 117][INFO]: 操作打开文件win弹窗
[2021-12-28 17:00:43,467][main_page.py 118][INFO]: 返回按钮text
[2021-12-28 17:00:43,906][main_page.py 36][INFO]: 发现检测修复弹框,是否修复
[2021-12-28 17:00:43,907][main_page.py 38][INFO]: 上传修复
[2021-12-28 17:00:43,907][main_page.py 39][INFO]: 找到FormMain.openGLWidget.FormFixQuery.widgetList
[2021-12-28 17:00:51,551][main_page.py 149][INFO]: 返回（零件列表图标，列表text,零件list[<uia_controls.ListItemWrapper - '1. 孔洞花瓶.STL', ListItem, -4916702946342245781>, <uia_controls.ListItemWrapper - '2. heart.STL', ListItem, -4916702946340998206>]）
[2021-12-28 17:02:51,389][main_page.py 228][INFO]: 跳转打开
[2021-12-28 17:02:52,832][main_page.py 115][INFO]: 点击本地打开按钮
[2021-12-28 17:02:56,681][main_page.py 117][INFO]: 操作打开文件win弹窗
[2021-12-28 17:02:56,682][main_page.py 118][INFO]: 返回按钮text
[2021-12-28 17:02:57,114][main_page.py 36][INFO]: 发现检测修复弹框,是否修复
[2021-12-28 17:02:57,114][main_page.py 38][INFO]: 上传修复
[2021-12-28 17:02:57,114][main_page.py 39][INFO]: 找到FormMain.openGLWidget.FormFixQuery.widgetList
[2021-12-28 17:03:04,928][main_page.py 149][INFO]: 返回（零件列表图标，列表text,零件list[<uia_controls.ListItemWrapper - '1. 孔洞花瓶.STL', ListItem, 4691849732356114119>, <uia_controls.ListItemWrapper - '2. heart.STL', ListItem, 4691849732357361694>]）
[2021-12-28 17:43:15,507][main_page.py 228][INFO]: 跳转打开
[2021-12-28 17:43:21,149][main_page.py 36][INFO]: 发现检测修复弹框,是否修复
[2021-12-28 17:43:21,149][main_page.py 38][INFO]: 上传修复
[2021-12-28 17:43:21,149][main_page.py 39][INFO]: 找到FormMain.openGLWidget.FormFixQuery.widgetList
[2021-12-28 17:43:28,983][main_page.py 149][INFO]: 返回（零件列表图标，列表text,零件list[<uia_controls.ListItemWrapper - '1. 孔洞花瓶.STL', ListItem, -2359439756559833659>, <uia_controls.ListItemWrapper - '2. heart.STL', ListItem, -2359439756558586084>]）
[2021-12-28 17:45:07,441][main_page.py 228][INFO]: 跳转打开
[2021-12-28 17:45:08,729][main_page.py 115][INFO]: 点击本地打开按钮
[2021-12-28 17:45:12,390][main_page.py 117][INFO]: 操作打开文件win弹窗
[2021-12-28 17:45:12,391][main_page.py 118][INFO]: 返回按钮text
[2021-12-28 17:45:12,783][main_page.py 36][INFO]: 发现检测修复弹框,是否修复
[2021-12-28 17:45:12,783][main_page.py 38][INFO]: 上传修复
[2021-12-28 17:45:12,783][main_page.py 39][INFO]: 找到FormMain.openGLWidget.FormFixQuery.widgetList
[2021-12-28 17:45:20,194][main_page.py 149][INFO]: 返回（零件列表图标，列表text,零件list[<uia_controls.ListItemWrapper - '1. 孔洞花瓶.STL', ListItem, 5700859248721299045>, <uia_controls.ListItemWrapper - '2. heart.STL', ListItem, 5700859248722546620>]）
[2021-12-28 17:46:22,794][main_page.py 228][INFO]: 跳转打开
[2021-12-28 17:46:24,088][main_page.py 115][INFO]: 点击本地打开按钮
[2021-12-28 17:46:27,876][main_page.py 117][INFO]: 操作打开文件win弹窗
[2021-12-28 17:46:27,876][main_page.py 118][INFO]: 返回按钮text
[2021-12-28 17:46:28,259][main_page.py 36][INFO]: 发现检测修复弹框,是否修复
[2021-12-28 17:46:28,260][main_page.py 38][INFO]: 上传修复
[2021-12-28 17:46:28,260][main_page.py 39][INFO]: 找到FormMain.openGLWidget.FormFixQuery.widgetList
[2021-12-28 17:46:35,587][main_page.py 149][INFO]: 返回（零件列表图标，列表text,零件list[<uia_controls.ListItemWrapper - '1. 孔洞花瓶.STL', ListItem, 8740930150263658002>, <uia_controls.ListItemWrapper - '2. heart.STL', ListItem, 8740930150269895877>]）
[2021-12-28 17:50:30,212][main_page.py 228][INFO]: 跳转打开
[2021-12-28 17:50:31,517][main_page.py 115][INFO]: 点击本地打开按钮
[2021-12-28 17:50:35,285][main_page.py 117][INFO]: 操作打开文件win弹窗
[2021-12-28 17:50:35,286][main_page.py 118][INFO]: 返回按钮text
[2021-12-28 17:50:35,680][main_page.py 36][INFO]: 发现检测修复弹框,是否修复
[2021-12-28 17:50:35,680][main_page.py 38][INFO]: 上传修复
[2021-12-28 17:50:35,680][main_page.py 39][INFO]: 找到FormMain.openGLWidget.FormFixQuery.widgetList
[2021-12-28 17:50:43,040][main_page.py 149][INFO]: 返回（零件列表图标，列表text,零件list[<uia_controls.ListItemWrapper - '1. 孔洞花瓶.STL', ListItem, 333117577931153829>, <uia_controls.ListItemWrapper - '2. heart.STL', ListItem, 333117577932401404>]）
[2021-12-28 18:02:05,967][main_page.py 228][INFO]: 跳转打开
[2021-12-28 18:02:07,240][main_page.py 115][INFO]: 点击本地打开按钮
[2021-12-28 18:13:58,344][main_page.py 228][INFO]: 跳转打开
[2021-12-28 18:13:59,650][main_page.py 115][INFO]: 点击本地打开按钮
[2021-12-28 18:14:03,895][main_page.py 117][INFO]: 操作打开文件win弹窗
[2021-12-28 18:14:03,895][main_page.py 118][INFO]: 返回按钮text
[2021-12-28 18:14:04,705][main_page.py 56][INFO]: 未发现修复检测弹框，无需修复
[2021-12-28 18:14:05,554][main_page.py 56][INFO]: 未发现修复检测弹框，无需修复
[2021-12-28 18:23:49,491][main_page.py 228][INFO]: 跳转打开
[2021-12-28 18:23:50,810][main_page.py 115][INFO]: 点击本地打开按钮
[2021-12-28 18:23:54,632][main_page.py 117][INFO]: 操作打开文件win弹窗
[2021-12-28 18:23:54,732][main_page.py 118][INFO]: 返回按钮text
[2021-12-28 18:23:55,128][main_page.py 36][INFO]: 发现检测修复弹框,是否修复
[2021-12-28 18:23:55,130][main_page.py 38][INFO]: 上传修复
[2021-12-28 18:23:55,131][main_page.py 39][INFO]: 找到FormMain.openGLWidget.FormFixQuery.widgetList
[2021-12-28 18:24:02,531][main_page.py 149][INFO]: 返回（零件列表图标，列表text,零件list[<uia_controls.ListItemWrapper - '1. 孔洞花瓶.STL', ListItem, -1147660930836521993>, <uia_controls.ListItemWrapper - '2. heart.STL', ListItem, -1147660930835274418>]）
