[2021-12-29 13:40:08,591][logger.py 36][INFO]: ---测试开始---
[2021-12-29 13:40:19,247][logger.py 36][INFO]: ---测试开始---
[2021-12-29 13:43:58,014][main.py 64][INFO]: 发现检测修复弹框,是否修
[2021-12-29 13:44:00,420][main.py 64][INFO]: 发现检测修复弹框,是否修
[2021-12-29 13:44:00,999][main.py 64][INFO]: 发现检测修复弹框,是否修
[2021-12-29 13:44:01,895][main_page.py 119][INFO]: 点击本地打开按钮
[2021-12-29 13:44:05,853][main_page.py 121][INFO]: 操作打开文件win弹窗
[2021-12-29 13:44:05,853][main_page.py 122][INFO]: 返回按钮text
[2021-12-29 13:44:05,853][main.py 64][INFO]: 发现检测修复弹框,是否修
[2021-12-29 13:44:06,705][main_page.py 36][INFO]: 发现检测修复弹框,是否修
[2021-12-29 13:44:06,705][main.py 64][INFO]: 发现检测修复弹框,是否修
[2021-12-29 13:44:13,018][main.py 64][INFO]: 发现检测修复弹框,是否修
[2021-12-29 13:44:13,340][main.py 64][INFO]: 发现检测修复弹框,是否修
[2021-12-29 13:44:13,934][main.py 64][INFO]: 发现检测修复弹框,是否修
[2021-12-29 13:44:14,721][main.py 64][INFO]: 发现检测修复弹框,是否修
[2021-12-29 13:44:15,442][main.py 64][INFO]: 发现检测修复弹框,是否修
[2021-12-29 13:44:16,218][main.py 64][INFO]: 发现检测修复弹框,是否修
[2021-12-29 13:44:17,561][main.py 64][INFO]: 发现检测修复弹框,是否修
[2021-12-29 13:44:18,183][main.py 64][INFO]: 发现检测修复弹框,是否修
[2021-12-29 13:44:19,089][main.py 64][INFO]: 发现检测修复弹框,是否修
[2021-12-29 13:44:20,017][main.py 64][INFO]: 发现检测修复弹框,是否修
[2021-12-29 13:44:20,815][main.py 64][INFO]: 发现检测修复弹框,是否修
[2021-12-29 13:46:16,426][main.py 64][INFO]: 发现检测修复弹框,是否修123
[2021-12-29 13:46:17,167][main.py 64][INFO]: 发现检测修复弹框,是否修123
[2021-12-29 13:46:17,779][main.py 64][INFO]: 发现检测修复弹框,是否修123
[2021-12-29 13:46:18,489][main_page.py 119][INFO]: 点击本地打开按钮
[2021-12-29 13:46:22,307][main_page.py 121][INFO]: 操作打开文件win弹窗
[2021-12-29 13:46:22,307][main_page.py 122][INFO]: 返回按钮text
[2021-12-29 13:46:22,308][main.py 64][INFO]: 发现检测修复弹框,是否修123
[2021-12-29 13:46:22,715][main_page.py 36][INFO]: 发现检测修复弹框,是否修
[2021-12-29 13:46:22,715][main.py 64][INFO]: 发现检测修复弹框,是否修123
[2021-12-29 13:46:28,632][main.py 64][INFO]: 发现检测修复弹框,是否修123
[2021-12-29 13:46:28,940][main.py 64][INFO]: 发现检测修复弹框,是否修123
[2021-12-29 13:46:29,522][main.py 64][INFO]: 发现检测修复弹框,是否修123
[2021-12-29 13:46:30,163][main.py 64][INFO]: 发现检测修复弹框,是否修123
[2021-12-29 13:46:30,904][main.py 64][INFO]: 发现检测修复弹框,是否修123
[2021-12-29 13:46:31,611][main.py 64][INFO]: 发现检测修复弹框,是否修123
[2021-12-29 13:46:32,944][main.py 64][INFO]: 发现检测修复弹框,是否修123
[2021-12-29 13:46:33,561][main.py 64][INFO]: 发现检测修复弹框,是否修123
[2021-12-29 13:46:34,511][main.py 64][INFO]: 发现检测修复弹框,是否修123
[2021-12-29 13:46:35,476][main.py 64][INFO]: 发现检测修复弹框,是否修123
[2021-12-29 13:46:36,298][main.py 64][INFO]: 发现检测修复弹框,是否修123
[2021-12-29 13:50:47,682][main.py 64][INFO]: 发现检测修复弹框,是否修123
[2021-12-29 13:50:48,457][main.py 64][INFO]: 发现检测修复弹框,是否修123
[2021-12-29 13:50:49,046][main.py 64][INFO]: 发现检测修复弹框,是否修123
[2021-12-29 13:50:49,766][main_page.py 119][INFO]: 点击本地打开按钮
[2021-12-29 13:50:53,564][main_page.py 121][INFO]: 操作打开文件win弹窗
[2021-12-29 13:50:53,564][main_page.py 122][INFO]: 返回按钮text
[2021-12-29 13:50:53,565][main.py 64][INFO]: 发现检测修复弹框,是否修123
[2021-12-29 13:50:53,955][main_page.py 36][INFO]: 发现检测修复弹框,是否修
[2021-12-29 13:50:53,956][main.py 64][INFO]: 发现检测修复弹框,是否修123
[2021-12-29 13:50:59,823][main.py 64][INFO]: 发现检测修复弹框,是否修123
[2021-12-29 13:51:00,122][main.py 64][INFO]: 发现检测修复弹框,是否修123
[2021-12-29 13:51:00,705][main.py 64][INFO]: 发现检测修复弹框,是否修123
[2021-12-29 13:51:01,301][main.py 64][INFO]: 发现检测修复弹框,是否修123
[2021-12-29 13:51:02,018][main.py 64][INFO]: 发现检测修复弹框,是否修123
[2021-12-29 13:51:02,766][main.py 64][INFO]: 发现检测修复弹框,是否修123
[2021-12-29 13:51:04,098][main.py 64][INFO]: 发现检测修复弹框,是否修123
[2021-12-29 13:51:04,714][main.py 64][INFO]: 发现检测修复弹框,是否修123
[2021-12-29 13:51:05,626][main.py 64][INFO]: 发现检测修复弹框,是否修123
[2021-12-29 13:51:06,560][main.py 64][INFO]: 发现检测修复弹框,是否修123
[2021-12-29 13:51:07,323][main.py 64][INFO]: 发现检测修复弹框,是否修123
[2021-12-29 13:53:33,869][main.py 64][INFO]: 发现检测修复弹框,是否修123
[2021-12-29 13:53:34,646][main.py 64][INFO]: 发现检测修复弹框,是否修123
[2021-12-29 13:54:41,668][main.py 64][INFO]: 发现检测修复弹框,是否修123
[2021-12-29 13:54:42,431][main.py 64][INFO]: 发现检测修复弹框,是否修123
[2021-12-29 13:54:43,209][main.py 64][INFO]: 发现检测修复弹框,是否修123
[2021-12-29 13:54:44,550][main.py 64][INFO]: 发现检测修复弹框,是否修123
[2021-12-29 13:54:45,159][main.py 64][INFO]: 发现检测修复弹框,是否修123
[2021-12-29 13:54:46,077][main.py 64][INFO]: 发现检测修复弹框,是否修123
[2021-12-29 13:54:46,996][main.py 64][INFO]: 发现检测修复弹框,是否修123
[2021-12-29 13:54:47,758][main.py 64][INFO]: 发现检测修复弹框,是否修123
[2021-12-29 13:54:48,501][main.py 64][INFO]: 发现检测修复弹框,是否修123
[2021-12-29 13:56:02,937][main.py 64][INFO]: 发现检测修复弹框,是否修123
[2021-12-29 13:56:03,699][main.py 64][INFO]: 发现检测修复弹框,是否修123
[2021-12-29 13:56:04,307][main.py 64][INFO]: 发现检测修复弹框,是否修123
[2021-12-29 13:56:05,050][main_page.py 119][INFO]: 点击本地打开按钮
[2021-12-29 13:56:08,872][main_page.py 121][INFO]: 操作打开文件win弹窗
[2021-12-29 13:56:08,872][main_page.py 122][INFO]: 返回按钮text
[2021-12-29 13:56:08,873][main.py 64][INFO]: 发现检测修复弹框,是否修123
[2021-12-29 13:56:09,280][main_page.py 36][INFO]: 发现检测修复弹框,是否修
[2021-12-29 13:56:09,280][main.py 64][INFO]: 发现检测修复弹框,是否修123
[2021-12-29 13:56:15,188][main.py 64][INFO]: 发现检测修复弹框,是否修123
[2021-12-29 13:56:15,491][main.py 64][INFO]: 发现检测修复弹框,是否修123
[2021-12-29 13:56:16,079][main.py 64][INFO]: 发现检测修复弹框,是否修123
[2021-12-29 13:56:16,665][main.py 64][INFO]: 发现检测修复弹框,是否修123
[2021-12-29 13:57:55,604][main.py 64][INFO]: 发现检测修复弹框,是否修123
[2021-12-29 13:57:56,381][main.py 64][INFO]: 发现检测修复弹框,是否修123
[2021-12-29 13:57:56,973][main.py 64][INFO]: 发现检测修复弹框,是否修123
[2021-12-29 13:57:57,692][main_page.py 119][INFO]: 点击本地打开按钮
[2021-12-29 13:58:02,841][main.py 64][INFO]: 发现检测修复弹框,是否修123
[2021-12-29 13:58:35,075][main.py 64][INFO]: 发现检测修复弹框,是否修123
[2021-12-29 13:58:35,838][main.py 64][INFO]: 发现检测修复弹框,是否修123
[2021-12-29 13:58:36,410][main.py 64][INFO]: 发现检测修复弹框,是否修123
[2021-12-29 13:58:37,140][main_page.py 119][INFO]: 点击本地打开按钮
[2021-12-29 13:58:40,946][main_page.py 121][INFO]: 操作打开文件win弹窗
[2021-12-29 13:58:40,947][main_page.py 122][INFO]: 返回按钮text
[2021-12-29 13:58:40,947][main.py 64][INFO]: 发现检测修复弹框,是否修123
[2021-12-29 13:58:41,334][main_page.py 36][INFO]: 发现检测修复弹框,是否修
[2021-12-29 13:58:41,334][main.py 64][INFO]: 发现检测修复弹框,是否修123
[2021-12-29 13:58:47,237][main.py 64][INFO]: 发现检测修复弹框,是否修123
[2021-12-29 13:58:47,543][main.py 64][INFO]: 发现检测修复弹框,是否修123
[2021-12-29 13:58:48,131][main.py 64][INFO]: 发现检测修复弹框,是否修123
[2021-12-29 13:58:48,716][main.py 64][INFO]: 发现检测修复弹框,是否修123
[2021-12-29 14:02:56,120][main.py 64][INFO]: 发现检测修复弹框,是否修123
[2021-12-29 14:02:57,382][main.py 64][INFO]: 发现检测修复弹框,是否修123
[2021-12-29 14:02:57,980][main.py 64][INFO]: 发现检测修复弹框,是否修123
[2021-12-29 14:02:58,689][main_page.py 119][INFO]: 点击本地打开按钮
[2021-12-29 14:03:02,480][main_page.py 121][INFO]: 操作打开文件win弹窗
[2021-12-29 14:03:02,480][main_page.py 122][INFO]: 返回按钮text
[2021-12-29 14:03:02,481][main.py 64][INFO]: 发现检测修复弹框,是否修123
[2021-12-29 14:03:02,867][main_page.py 36][INFO]: 发现检测修复弹框,是否修
[2021-12-29 14:03:02,867][main.py 64][INFO]: 发现检测修复弹框,是否修123
[2021-12-29 14:03:08,791][main.py 64][INFO]: 发现检测修复弹框,是否修123
[2021-12-29 14:03:09,090][main.py 64][INFO]: 发现检测修复弹框,是否修123
[2021-12-29 14:03:09,681][main.py 64][INFO]: 发现检测修复弹框,是否修123
[2021-12-29 14:03:10,249][main.py 64][INFO]: 发现检测修复弹框,是否修123
[2021-12-29 14:07:13,945][main.py 64][INFO]: 发现检测修复弹框,是否修123
[2021-12-29 14:07:14,693][main.py 64][INFO]: 发现检测修复弹框,是否修123
[2021-12-29 14:07:15,387][main.py 64][INFO]: 发现检测修复弹框,是否修123
[2021-12-29 14:07:16,106][main_page.py 119][INFO]: 点击本地打开按钮
[2021-12-29 14:07:19,880][main_page.py 121][INFO]: 操作打开文件win弹窗
[2021-12-29 14:07:19,881][main_page.py 122][INFO]: 返回按钮text
[2021-12-29 14:07:19,881][main.py 64][INFO]: 发现检测修复弹框,是否修123
[2021-12-29 14:07:20,274][main_page.py 36][INFO]: 发现检测修复弹框,是否修
[2021-12-29 14:07:20,274][main.py 64][INFO]: 发现检测修复弹框,是否修123
[2021-12-29 14:07:26,194][main.py 64][INFO]: 发现检测修复弹框,是否修123
[2021-12-29 14:07:26,506][main.py 64][INFO]: 发现检测修复弹框,是否修123
[2021-12-29 14:07:27,093][main.py 64][INFO]: 发现检测修复弹框,是否修123
[2021-12-29 14:07:27,684][main.py 64][INFO]: 发现检测修复弹框,是否修123
[2021-12-29 14:07:28,759][main.py 64][INFO]: 发现检测修复弹框,是否修123
[2021-12-29 14:07:29,070][main.py 64][INFO]: 发现检测修复弹框,是否修123
[2021-12-29 14:07:29,360][main.py 64][INFO]: 发现检测修复弹框,是否修123
[2021-12-29 14:15:18,514][main_page.py 119][INFO]: 点击本地打开按钮
[2021-12-29 14:18:32,833][main_page.py 119][INFO]: 点击本地打开按钮
[2021-12-29 14:18:36,616][main_page.py 121][INFO]: 操作打开文件win弹窗
[2021-12-29 14:18:36,617][main_page.py 122][INFO]: 返回按钮text
[2021-12-29 14:18:37,005][main_page.py 36][INFO]: 发现检测修复弹框,是否修
