[2022-02-24 14:07:06,089][conftest.py 14][INFO]: 打开（连接）LuxFlow，开始执行测试用例！！！
[2022-02-24 14:07:26,277][main_page.py 232][INFO]: 进入打开页
[2022-02-24 14:07:27,379][main_page.py 186][INFO]: 点击本地打开按钮
[2022-02-24 14:07:31,823][main.py 62][INFO]: "孔洞花瓶.stl" "谢牙龈.stl"已打开
[2022-02-24 14:07:33,877][main_page.py 36][INFO]: 发现检测修复弹框,是否修复
[2022-02-24 14:07:33,877][main_page.py 38][INFO]: 上传修复
[2022-02-24 14:07:45,235][conftest.py 14][INFO]: 打开（连接）LuxFlow，开始执行测试用例！！！
[2022-02-24 14:07:57,446][main_page.py 232][INFO]: 进入打开页
[2022-02-24 14:07:58,542][main_page.py 186][INFO]: 点击本地打开按钮
[2022-02-24 14:08:01,878][main.py 62][INFO]: "孔洞花瓶.stl" "谢牙龈.stl"已打开
[2022-02-24 14:08:03,241][main_page.py 57][INFO]: 未发现修复检测弹框，无需修复
[2022-02-24 14:08:44,948][conftest.py 14][INFO]: 打开（连接）LuxFlow，开始执行测试用例！！！
[2022-02-24 14:08:57,109][main_page.py 232][INFO]: 进入打开页
[2022-02-24 14:08:58,227][main_page.py 186][INFO]: 点击本地打开按钮
[2022-02-24 14:09:01,272][main.py 62][INFO]: "孔洞花瓶.stl" "谢牙龈.stl"已打开
[2022-02-24 14:09:02,841][main_page.py 36][INFO]: 发现检测修复弹框,是否修复
[2022-02-24 14:09:02,841][main_page.py 38][INFO]: 上传修复
[2022-02-24 14:09:34,542][conftest.py 14][INFO]: 打开（连接）LuxFlow，开始执行测试用例！！！
[2022-02-24 14:09:46,703][main_page.py 232][INFO]: 进入打开页
[2022-02-24 14:09:47,796][main_page.py 186][INFO]: 点击本地打开按钮
[2022-02-24 14:09:51,318][main.py 62][INFO]: "孔洞花瓶.stl" "谢牙龈.stl"已打开
[2022-02-24 14:09:52,904][main_page.py 36][INFO]: 发现检测修复弹框,是否修复
[2022-02-24 14:09:52,904][main_page.py 38][INFO]: 上传修复
[2022-02-24 14:10:00,393][main.py 201][INFO]: 已保存截图至E:\LuxFlow_front\picture\打开零件_20220224140959.png
[2022-02-24 14:10:01,517][main_page.py 236][INFO]: 进入支撑页
[2022-02-24 14:10:08,128][conftest.py 17][INFO]: 用例执行完毕，关闭软件！！！
