[2022-02-10 14:57:08,553][conftest.py 14][INFO]: 打开（连接）LuxFlow，开始执行测试用例！！！
[2022-02-10 14:57:29,199][conftest.py 14][INFO]: 打开（连接）LuxFlow，开始执行测试用例！！！
[2022-02-10 14:57:49,917][main_page.py 232][INFO]: 进入打开页
[2022-02-10 14:57:51,098][main_page.py 186][INFO]: 点击本地打开按钮
[2022-02-10 14:57:54,827][main.py 62][INFO]: "孔洞花瓶.stl" "谢牙龈.stl"已打开
[2022-02-10 14:57:57,357][main_page.py 36][INFO]: 发现检测修复弹框,是否修复
[2022-02-10 14:57:57,357][main_page.py 38][INFO]: 上传修复
[2022-02-10 14:58:13,986][main.py 201][INFO]: 已保存截图至E:\LuxFlow_front\picture\打开零件_20220210145812.png
[2022-02-10 14:58:14,636][main_page.py 236][INFO]: 进入支撑页
[2022-02-10 14:58:17,743][main.py 211][INFO]: 下拉列表，第0个
[2022-02-10 14:58:18,066][support.py 117][INFO]: 选择第0项应用
[2022-02-10 14:58:18,066][support.py 182][INFO]: 输入参数{'抬升高度': 10, '支撑点直径': 1.5, '支撑头长度': 2.5, '支撑柱直径': 1.5, '支撑点间距': 4.5, '临界角': 75, '是否加固': True, '起始高度': 1.5, '角度': 50, '支撑加底座': True, '底座高度': 1.5}
[2022-02-10 14:58:51,248][support.py 193][INFO]: 点击是否加固
[2022-02-10 14:59:03,635][support.py 193][INFO]: 点击支撑加底座
[2022-02-10 14:59:12,954][support.py 221][INFO]: 生成
[2022-02-10 14:59:12,954][support.py 223][INFO]: 支撑生成进度条
[2022-02-10 14:59:12,954][main.py 236][INFO]: 计算时常
[2022-02-10 14:59:18,454][main.py 238][INFO]: 控件出现2022-02-10 14:59:18.453702
[2022-02-10 14:59:24,993][main.py 241][INFO]: 控件消失2022-02-10 14:59:24.993641
[2022-02-10 14:59:24,993][main.py 244][INFO]: 存在时长0:00:06
[2022-02-10 14:59:25,462][main.py 201][INFO]: 已保存截图至E:\LuxFlow_front\picture\生成支撑_20220210145924.png
[2022-02-10 14:59:30,009][support.py 233][INFO]: 进入布局页
[2022-02-10 14:59:30,009][batch.py 47][INFO]: 开始输入间距设置
[2022-02-10 14:59:31,038][batch.py 54][INFO]: 输入参数值5
[2022-02-10 14:59:31,661][batch.py 75][INFO]: 选择嵌套布局
[2022-02-10 14:59:32,288][batch.py 80][INFO]: 开始布局
[2022-02-10 14:59:32,289][main.py 236][INFO]: 计算时常
[2022-02-10 14:59:37,537][main.py 247][INFO]: 未及时捕捉到
[2022-02-10 14:59:38,158][main_page.py 251][INFO]: 进入切片页
[2022-02-10 14:59:38,897][slice.py 34][INFO]: 在自定义里操作
[2022-02-10 14:59:39,639][main.py 236][INFO]: 计算时常
[2022-02-10 14:59:44,756][main.py 247][INFO]: 未及时捕捉到
[2022-02-10 14:59:44,756][slice_frame.py 62][INFO]: 切片成功，跳转进入上传页
[2022-02-10 14:59:44,757][conftest.py 17][INFO]: 用例执行完毕，关闭软件！！！
[2022-02-10 14:59:49,901][main_page.py 216][INFO]: 关闭软件
[2022-02-10 15:01:53,993][conftest.py 14][INFO]: 打开（连接）LuxFlow，开始执行测试用例！！！
[2022-02-10 15:02:07,494][main_page.py 232][INFO]: 进入打开页
[2022-02-10 15:02:08,627][main_page.py 186][INFO]: 点击本地打开按钮
[2022-02-10 15:02:12,052][main.py 62][INFO]: "孔洞花瓶.stl" "谢牙龈.stl"已打开
[2022-02-10 15:02:13,600][main_page.py 36][INFO]: 发现检测修复弹框,是否修复
[2022-02-10 15:02:13,601][main_page.py 38][INFO]: 上传修复
[2022-02-10 15:02:29,089][main.py 201][INFO]: 已保存截图至E:\LuxFlow_front\picture\打开零件_20220210150228.png
[2022-02-10 15:02:30,008][main_page.py 236][INFO]: 进入支撑页
[2022-02-10 15:02:32,996][main.py 211][INFO]: 下拉列表，第0个
[2022-02-10 15:02:33,223][support.py 117][INFO]: 选择第0项应用
[2022-02-10 15:02:33,223][support.py 182][INFO]: 输入参数{'抬升高度': 10, '支撑点直径': 1.5, '支撑头长度': 2.5, '支撑柱直径': 1.5, '支撑点间距': 4.5, '临界角': 75, '是否加固': True, '起始高度': 1.5, '角度': 50, '支撑加底座': True, '底座高度': 1.5}
[2022-02-10 15:03:14,486][support.py 193][INFO]: 点击是否加固
[2022-02-10 15:03:26,668][support.py 193][INFO]: 点击支撑加底座
[2022-02-10 15:03:37,212][support.py 221][INFO]: 生成
[2022-02-10 15:03:37,212][support.py 223][INFO]: 支撑生成进度条
[2022-02-10 15:03:37,212][main.py 236][INFO]: 计算时常
[2022-02-10 15:03:38,296][main.py 238][INFO]: 控件出现2022-02-10 15:03:38.296396
[2022-02-10 15:03:41,228][main.py 241][INFO]: 控件消失2022-02-10 15:03:41.228667
[2022-02-10 15:03:41,228][main.py 244][INFO]: 存在时长0:00:03
[2022-02-10 15:03:41,598][main.py 201][INFO]: 已保存截图至E:\LuxFlow_front\picture\生成支撑_20220210150341.png
[2022-02-10 15:03:46,047][support.py 233][INFO]: 进入布局页
[2022-02-10 15:03:46,047][batch.py 47][INFO]: 开始输入间距设置
[2022-02-10 15:03:47,091][batch.py 54][INFO]: 输入参数值5
[2022-02-10 15:03:47,760][batch.py 75][INFO]: 选择嵌套布局
[2022-02-10 15:03:48,368][batch.py 80][INFO]: 开始布局
[2022-02-10 15:03:48,368][main.py 236][INFO]: 计算时常
[2022-02-10 15:03:53,423][main.py 247][INFO]: 未及时捕捉到
[2022-02-10 15:03:54,047][main_page.py 251][INFO]: 进入切片页
[2022-02-10 15:03:54,634][slice.py 34][INFO]: 在自定义里操作
[2022-02-10 15:03:55,388][main.py 236][INFO]: 计算时常
[2022-02-10 15:04:00,625][main.py 247][INFO]: 未及时捕捉到
[2022-02-10 15:04:00,626][slice_frame.py 62][INFO]: 切片成功，跳转进入上传页
[2022-02-10 15:04:00,627][conftest.py 17][INFO]: 用例执行完毕，关闭软件！！！
[2022-02-10 15:04:04,126][main_page.py 216][INFO]: 关闭软件
[2022-02-10 17:55:37,691][conftest.py 14][INFO]: 打开（连接）LuxFlow，开始执行测试用例！！！
[2022-02-10 17:55:38,319][main_page.py 232][INFO]: 进入打开页
[2022-02-10 17:55:39,562][main_page.py 186][INFO]: 点击本地打开按钮
[2022-02-10 17:55:42,834][main.py 62][INFO]: "孔洞花瓶.stl" "谢牙龈.stl"已打开
[2022-02-10 17:55:44,528][main_page.py 36][INFO]: 发现检测修复弹框,是否修复
[2022-02-10 17:55:44,528][main_page.py 38][INFO]: 上传修复
[2022-02-10 17:56:00,356][main.py 201][INFO]: 已保存截图至E:\LuxFlow_front\picture\打开零件_20220210175559.png
[2022-02-10 17:56:00,976][main_page.py 236][INFO]: 进入支撑页
[2022-02-10 17:56:05,962][main.py 211][INFO]: 下拉列表，第0个
[2022-02-10 17:56:06,276][support.py 117][INFO]: 选择第0项应用
[2022-02-10 17:56:06,276][support.py 182][INFO]: 输入参数{'抬升高度': 10, '支撑点直径': 1.5, '支撑头长度': 2.5, '支撑柱直径': 1.5, '支撑点间距': 4.5, '临界角': 75, '是否加固': True, '起始高度': 1.5, '角度': 50, '支撑加底座': True, '底座高度': 1.5}
[2022-02-10 17:56:37,838][support.py 193][INFO]: 点击是否加固
[2022-02-10 17:56:50,406][support.py 193][INFO]: 点击支撑加底座
[2022-02-10 17:57:01,129][support.py 221][INFO]: 生成
[2022-02-10 17:57:01,129][support.py 223][INFO]: 支撑生成进度条
[2022-02-10 17:57:01,129][main.py 236][INFO]: 计算时常
[2022-02-10 17:57:02,118][main.py 238][INFO]: 控件出现2022-02-10 17:57:02.118035
[2022-02-10 17:57:05,461][main.py 241][INFO]: 控件消失2022-02-10 17:57:05.461097
[2022-02-10 17:57:05,462][main.py 244][INFO]: 存在时长0:00:03
[2022-02-10 17:57:05,946][main.py 201][INFO]: 已保存截图至E:\LuxFlow_front\picture\生成支撑_20220210175705.png
[2022-02-10 17:57:10,248][support.py 233][INFO]: 进入布局页
[2022-02-10 17:57:10,248][batch.py 47][INFO]: 开始输入间距设置
[2022-02-10 17:57:11,275][batch.py 54][INFO]: 输入参数值5
[2022-02-10 17:57:11,912][batch.py 75][INFO]: 选择嵌套布局
[2022-02-10 17:57:12,521][batch.py 80][INFO]: 开始布局
[2022-02-10 17:57:12,521][main.py 236][INFO]: 计算时常
[2022-02-10 17:57:17,785][main.py 247][INFO]: 未及时捕捉到
[2022-02-10 17:57:18,223][main.py 201][INFO]: 已保存截图至E:\LuxFlow_front\picture\布局截图_20220210175717.png
[2022-02-10 17:57:18,874][main_page.py 251][INFO]: 进入切片页
[2022-02-10 17:57:19,526][slice.py 34][INFO]: 在自定义里操作
[2022-02-10 17:57:20,271][main.py 236][INFO]: 计算时常
[2022-02-10 17:57:21,879][main.py 238][INFO]: 控件出现2022-02-10 17:57:21.879264
[2022-02-10 17:57:53,399][main.py 241][INFO]: 控件消失2022-02-10 17:57:53.399959
[2022-02-10 17:57:53,400][main.py 244][INFO]: 存在时长0:00:32
[2022-02-10 17:57:53,843][main.py 201][INFO]: 已保存截图至E:\LuxFlow_front\picture\切片后截图_20220210175753.png
[2022-02-10 17:57:53,843][slice_frame.py 63][INFO]: 准备跳转进入上传页
[2022-02-10 17:57:54,088][conftest.py 17][INFO]: 用例执行完毕，关闭软件！！！
[2022-02-10 17:57:55,308][main_page.py 216][INFO]: 关闭软件
[2022-02-10 17:57:56,896][main_page.py 219][INFO]: 不保存
[2022-02-10 18:03:01,905][conftest.py 14][INFO]: 打开（连接）LuxFlow，开始执行测试用例！！！
[2022-02-10 18:03:02,922][conftest.py 17][INFO]: 用例执行完毕，关闭软件！！！
[2022-02-10 18:03:59,686][conftest.py 14][INFO]: 打开（连接）LuxFlow，开始执行测试用例！！！
[2022-02-10 18:04:13,292][main_page.py 232][INFO]: 进入打开页
[2022-02-10 18:04:14,490][main_page.py 186][INFO]: 点击本地打开按钮
[2022-02-10 18:04:17,956][main.py 62][INFO]: "孔洞花瓶.stl" "谢牙龈.stl"已打开
[2022-02-10 18:04:19,670][main_page.py 36][INFO]: 发现检测修复弹框,是否修复
[2022-02-10 18:04:19,671][main_page.py 38][INFO]: 上传修复
[2022-02-10 18:04:34,910][main.py 201][INFO]: 已保存截图至E:\LuxFlow_front\picture\打开零件_20220210180434.png
[2022-02-10 18:04:35,516][main_page.py 236][INFO]: 进入支撑页
[2022-02-10 18:04:38,707][main.py 211][INFO]: 下拉列表，第0个
[2022-02-10 18:04:38,940][support.py 117][INFO]: 选择第0项应用
[2022-02-10 18:04:38,943][support.py 182][INFO]: 输入参数{'抬升高度': 10, '支撑点直径': 1.5, '支撑头长度': 2.5, '支撑柱直径': 1.5, '支撑点间距': 4.5, '临界角': 75, '是否加固': True, '起始高度': 1.5, '角度': 50, '支撑加底座': True, '底座高度': 1.5}
[2022-02-10 18:05:11,026][support.py 193][INFO]: 点击是否加固
[2022-02-10 18:05:23,510][support.py 193][INFO]: 点击支撑加底座
[2022-02-10 18:05:34,161][support.py 221][INFO]: 生成
[2022-02-10 18:05:34,163][support.py 223][INFO]: 支撑生成进度条
[2022-02-10 18:05:34,164][main.py 236][INFO]: 计算时常
[2022-02-10 18:05:35,122][main.py 238][INFO]: 控件出现2022-02-10 18:05:35.122669
[2022-02-10 18:05:38,381][main.py 241][INFO]: 控件消失2022-02-10 18:05:38.381651
[2022-02-10 18:05:38,382][main.py 244][INFO]: 存在时长0:00:03
[2022-02-10 18:05:38,729][main.py 201][INFO]: 已保存截图至E:\LuxFlow_front\picture\生成支撑_20220210180538.png
[2022-02-10 18:05:43,110][support.py 233][INFO]: 进入布局页
[2022-02-10 18:05:43,115][batch.py 47][INFO]: 开始输入间距设置
[2022-02-10 18:05:44,124][batch.py 54][INFO]: 输入参数值5
[2022-02-10 18:05:44,715][batch.py 75][INFO]: 选择嵌套布局
[2022-02-10 18:05:45,367][batch.py 80][INFO]: 开始布局
[2022-02-10 18:05:45,368][main.py 236][INFO]: 计算时常
[2022-02-10 18:05:50,462][main.py 247][INFO]: 未及时捕捉到
[2022-02-10 18:05:50,856][main.py 201][INFO]: 已保存截图至E:\LuxFlow_front\picture\布局截图_20220210180550.png
[2022-02-10 18:05:51,457][main_page.py 251][INFO]: 进入切片页
[2022-02-10 18:05:52,150][slice.py 34][INFO]: 在自定义里操作
[2022-02-10 18:05:52,950][main.py 236][INFO]: 计算时常
[2022-02-10 18:05:55,324][main.py 238][INFO]: 控件出现2022-02-10 18:05:55.324188
[2022-02-10 18:08:04,502][main.py 241][INFO]: 控件消失2022-02-10 18:08:04.502504
[2022-02-10 18:08:04,504][main.py 244][INFO]: 存在时长0:02:09
[2022-02-10 18:08:34,933][conftest.py 17][INFO]: 用例执行完毕，关闭软件！！！
[2022-02-10 18:08:57,569][conftest.py 14][INFO]: 打开（连接）LuxFlow，开始执行测试用例！！！
[2022-02-10 18:09:11,916][main_page.py 232][INFO]: 进入打开页
[2022-02-10 18:09:13,005][main_page.py 186][INFO]: 点击本地打开按钮
[2022-02-10 18:09:18,434][conftest.py 17][INFO]: 用例执行完毕，关闭软件！！！
[2022-02-10 18:09:19,161][main_page.py 216][INFO]: 关闭软件
[2022-02-10 18:11:10,411][conftest.py 14][INFO]: 打开（连接）LuxFlow，开始执行测试用例！！！
[2022-02-10 18:11:22,558][main_page.py 232][INFO]: 进入打开页
[2022-02-10 18:11:23,724][main_page.py 186][INFO]: 点击本地打开按钮
[2022-02-10 18:11:27,176][main.py 62][INFO]: "孔洞花瓶.stl" "谢牙龈.stl"已打开
[2022-02-10 18:11:28,774][main_page.py 36][INFO]: 发现检测修复弹框,是否修复
[2022-02-10 18:11:28,774][main_page.py 38][INFO]: 上传修复
[2022-02-10 18:11:44,744][main.py 201][INFO]: 已保存截图至E:\LuxFlow_front\picture\打开零件_20220210181144.png
[2022-02-10 18:11:45,347][main_page.py 236][INFO]: 进入支撑页
[2022-02-10 18:11:48,206][main.py 211][INFO]: 下拉列表，第0个
[2022-02-10 18:11:48,519][support.py 117][INFO]: 选择第0项应用
[2022-02-10 18:11:48,522][support.py 182][INFO]: 输入参数{'抬升高度': 10, '支撑点直径': 1.5, '支撑头长度': 2.5, '支撑柱直径': 1.5, '支撑点间距': 4.5, '临界角': 75, '是否加固': True, '起始高度': 1.5, '角度': 50, '支撑加底座': True, '底座高度': 1.5}
[2022-02-10 18:12:20,473][support.py 193][INFO]: 点击是否加固
[2022-02-10 18:12:32,842][support.py 193][INFO]: 点击支撑加底座
[2022-02-10 18:12:43,683][support.py 221][INFO]: 生成
[2022-02-10 18:12:43,685][support.py 223][INFO]: 支撑生成进度条
[2022-02-10 18:12:43,687][main.py 236][INFO]: 计算时常
[2022-02-10 18:12:44,685][main.py 238][INFO]: 控件出现2022-02-10 18:12:44.685367
[2022-02-10 18:12:48,004][main.py 241][INFO]: 控件消失2022-02-10 18:12:48.004730
[2022-02-10 18:12:48,005][main.py 244][INFO]: 存在时长0:00:04
[2022-02-10 18:12:48,387][main.py 201][INFO]: 已保存截图至E:\LuxFlow_front\picture\生成支撑_20220210181248.png
[2022-02-10 18:12:52,598][support.py 233][INFO]: 进入布局页
[2022-02-10 18:12:52,601][batch.py 47][INFO]: 开始输入间距设置
[2022-02-10 18:12:53,641][batch.py 54][INFO]: 输入参数值5
[2022-02-10 18:12:54,265][batch.py 75][INFO]: 选择嵌套布局
[2022-02-10 18:12:54,857][batch.py 80][INFO]: 开始布局
[2022-02-10 18:12:54,857][main.py 236][INFO]: 计算时常
[2022-02-10 18:13:00,074][main.py 247][INFO]: 未及时捕捉到
[2022-02-10 18:13:00,463][main.py 201][INFO]: 已保存截图至E:\LuxFlow_front\picture\布局截图_20220210181300.png
[2022-02-10 18:13:01,066][main_page.py 251][INFO]: 进入切片页
[2022-02-10 18:13:01,687][slice.py 34][INFO]: 在自定义里操作
[2022-02-10 18:13:02,420][main.py 236][INFO]: 计算时常
[2022-02-10 18:13:04,795][main.py 238][INFO]: 控件出现2022-02-10 18:13:04.795708
[2022-02-10 18:18:44,749][main.py 241][INFO]: 控件消失2022-02-10 18:18:44.749943
[2022-02-10 18:18:44,750][main.py 244][INFO]: 存在时长0:05:40
[2022-02-10 18:18:45,250][main.py 201][INFO]: 已保存截图至E:\LuxFlow_front\picture\切片后截图_20220210181844.png
[2022-02-10 18:18:45,252][slice_frame.py 63][INFO]: 准备跳转进入上传页
[2022-02-10 18:18:45,551][conftest.py 17][INFO]: 用例执行完毕，关闭软件！！！
[2022-02-10 18:18:47,131][main_page.py 216][INFO]: 关闭软件
[2022-02-10 18:18:50,034][main_page.py 219][INFO]: 不保存
