[2022-01-14 10:27:54,917][conftest.py 14][INFO]: 打开（连接）LuxFlow，开始执行测试用例！！！
[2022-01-14 10:27:55,957][main_page.py 217][INFO]: 进入打开页
[2022-01-14 10:27:57,451][main_page.py 173][INFO]: 点击本地打开按钮
[2022-01-14 10:28:00,106][main.py 64][INFO]: 孔洞花瓶.stl已打开
[2022-01-14 10:28:01,768][main_page.py 37][INFO]: 发现检测修复弹框,是否修
[2022-01-14 10:28:01,768][main_page.py 39][INFO]: 上传修复
[2022-01-14 10:28:07,617][main_page.py 133][INFO]: 返回（零件列表图标，列表text,零件list[<uia_controls.ListItemWrapper - '1. 孔洞花瓶.STL', ListItem, -6242508233786809236>, <uia_controls.ListItemWrapper - '2. 孔洞花瓶.STL', ListItem, -6242508233790551961>]）
[2022-01-14 10:28:08,663][main.py 205][INFO]: 已保存截图至E:\LuxFlow_front\\picture\打开零件_20220114102807.png
[2022-01-14 10:28:09,530][main_page.py 221][INFO]: 进入支撑页
[2022-01-14 10:28:13,613][main.py 217][INFO]: 下拉列表，第0个
[2022-01-14 10:28:13,838][support.py 125][INFO]: 选择第0项应用
[2022-01-14 10:28:13,839][support.py 191][INFO]: 输入参数{'抬升高度': 10, '支撑点直径': 1.5, '支撑头长度': 2.5, '支撑柱直径': 1.5, '支撑点间距': 4.5, '临界角': 75, '是否加固': True, '起始高度': 1.5, '角度': 50, '支撑加底座': True, '底座高度': 1.5}
[2022-01-14 10:29:10,808][support.py 202][INFO]: 点击支撑加底座
[2022-01-14 10:29:23,447][support.py 229][INFO]: 生成
[2022-01-14 10:29:23,448][support.py 231][INFO]: 支撑生成进度条
[2022-01-14 10:29:24,410][conftest.py 17][INFO]: 用例执行完毕，关闭软件！！！
[2022-01-14 10:30:48,614][conftest.py 14][INFO]: 打开（连接）LuxFlow，开始执行测试用例！！！
[2022-01-14 10:30:49,428][main_page.py 217][INFO]: 进入打开页
[2022-01-14 10:30:50,999][main_page.py 173][INFO]: 点击本地打开按钮
[2022-01-14 10:30:53,578][main.py 64][INFO]: 孔洞花瓶.stl已打开
[2022-01-14 10:30:54,363][main_page.py 37][INFO]: 发现检测修复弹框,是否修
[2022-01-14 10:30:54,364][main_page.py 39][INFO]: 上传修复
[2022-01-14 10:30:59,251][main_page.py 133][INFO]: 返回（零件列表图标，列表text,零件list[<uia_controls.ListItemWrapper - '1. 孔洞花瓶.STL', ListItem, -6242508233842950111>]）
[2022-01-14 10:30:59,702][main.py 205][INFO]: 已保存截图至E:\LuxFlow_front\\picture\打开零件_20220114103059.png
[2022-01-14 10:31:00,481][main_page.py 221][INFO]: 进入支撑页
[2022-01-14 10:31:04,150][main.py 217][INFO]: 下拉列表，第0个
[2022-01-14 10:31:04,370][support.py 125][INFO]: 选择第0项应用
[2022-01-14 10:31:04,370][support.py 191][INFO]: 输入参数{'抬升高度': 10, '支撑点直径': 1.5, '支撑头长度': 2.5, '支撑柱直径': 1.5, '支撑点间距': 4.5, '临界角': 75, '是否加固': True, '起始高度': 1.5, '角度': 50, '支撑加底座': True, '底座高度': 1.5}
[2022-01-14 10:31:41,639][support.py 202][INFO]: 点击是否加固
[2022-01-14 10:32:00,128][support.py 202][INFO]: 点击支撑加底座
[2022-01-14 10:32:11,666][support.py 229][INFO]: 生成
[2022-01-14 10:32:11,666][support.py 231][INFO]: 支撑生成进度条
[2022-01-14 10:32:12,326][conftest.py 17][INFO]: 用例执行完毕，关闭软件！！！
[2022-01-14 10:32:58,991][conftest.py 14][INFO]: 打开（连接）LuxFlow，开始执行测试用例！！！
[2022-01-14 10:33:01,036][main_page.py 217][INFO]: 进入打开页
[2022-01-14 10:33:02,731][main_page.py 173][INFO]: 点击本地打开按钮
[2022-01-14 10:33:05,376][main.py 64][INFO]: 孔洞花瓶.stl已打开
[2022-01-14 10:33:06,334][main_page.py 37][INFO]: 发现检测修复弹框,是否修
[2022-01-14 10:33:06,334][main_page.py 39][INFO]: 上传修复
[2022-01-14 10:33:11,875][main_page.py 133][INFO]: 返回（零件列表图标，列表text,零件list[<uia_controls.ListItemWrapper - '1. 孔洞花瓶.STL', ListItem, -6242508233824236486>]）
[2022-01-14 10:33:12,472][main.py 205][INFO]: 已保存截图至E:\LuxFlow_front\\picture\打开零件_20220114103311.png
[2022-01-14 10:33:13,342][main_page.py 221][INFO]: 进入支撑页
[2022-01-14 10:33:17,463][main.py 217][INFO]: 下拉列表，第0个
[2022-01-14 10:33:17,594][support.py 125][INFO]: 选择第0项应用
[2022-01-14 10:33:17,594][support.py 191][INFO]: 输入参数{'抬升高度': 10, '支撑点直径': 1.5, '支撑头长度': 2.5, '支撑柱直径': 1.5, '支撑点间距': 4.5, '临界角': 75, '是否加固': True, '起始高度': 1.5, '角度': 50, '支撑加底座': True, '底座高度': 1.5}
[2022-01-14 10:33:58,100][support.py 202][INFO]: 点击是否加固
[2022-01-14 10:34:17,983][support.py 202][INFO]: 点击支撑加底座
[2022-01-14 10:34:30,587][support.py 229][INFO]: 生成
[2022-01-14 10:34:30,587][support.py 231][INFO]: 支撑生成进度条
[2022-01-14 10:34:32,239][main.py 263][INFO]: 已将1. 孔洞花瓶.STL复制3次
[2022-01-14 10:34:33,167][support.py 241][INFO]: 进入布局页
[2022-01-14 10:34:33,168][batch.py 47][INFO]: 开始输入间距设置
[2022-01-14 10:34:34,432][batch.py 54][INFO]: 输入参数值5
[2022-01-14 10:34:35,362][batch.py 75][INFO]: 选择嵌套布局
[2022-01-14 10:34:36,249][batch.py 80][INFO]: 开始布局
[2022-01-14 10:34:41,510][conftest.py 17][INFO]: 用例执行完毕，关闭软件！！！
[2022-01-14 13:48:08,067][conftest.py 14][INFO]: 打开（连接）LuxFlow，开始执行测试用例！！！
[2022-01-14 13:48:08,867][main_page.py 237][INFO]: 进入打开页
[2022-01-14 13:48:10,285][main_page.py 193][INFO]: 点击本地打开按钮
[2022-01-14 13:48:12,918][main.py 64][INFO]: 孔洞花瓶.stl已打开
[2022-01-14 13:48:13,756][main_page.py 37][INFO]: 发现检测修复弹框,是否修
[2022-01-14 13:48:13,756][main_page.py 39][INFO]: 上传修复
[2022-01-14 13:48:19,114][main_page.py 134][INFO]: 返回（零件列表图标，列表text,零件list[<uia_controls.ListItemWrapper - '1. 孔洞花瓶.STL', ListItem, -6242508233690745961>]）
[2022-01-14 13:48:19,773][main.py 205][INFO]: 已保存截图至E:\LuxFlow_front\\picture\打开零件_20220114134819.png
[2022-01-14 13:48:20,642][main_page.py 241][INFO]: 进入支撑页
[2022-01-14 13:48:24,766][main.py 217][INFO]: 下拉列表，第0个
[2022-01-14 13:48:24,898][support.py 125][INFO]: 选择第0项应用
[2022-01-14 13:48:24,898][support.py 191][INFO]: 输入参数{'抬升高度': 10, '支撑点直径': 1.5, '支撑头长度': 2.5, '支撑柱直径': 1.5, '支撑点间距': 4.5, '临界角': 75, '是否加固': True, '起始高度': 1.5, '角度': 50, '支撑加底座': True, '底座高度': 1.5}
[2022-01-14 13:49:03,360][support.py 202][INFO]: 点击是否加固
[2022-01-14 13:49:22,588][support.py 202][INFO]: 点击支撑加底座
[2022-01-14 13:49:34,924][support.py 229][INFO]: 生成
[2022-01-14 13:49:34,924][support.py 231][INFO]: 支撑生成进度条
[2022-01-14 13:49:35,718][main_page.py 150][ERROR]: 没有第0个零件
[2022-01-14 13:49:35,722][conftest.py 17][INFO]: 用例执行完毕，关闭软件！！！
[2022-01-14 13:53:15,184][conftest.py 14][INFO]: 打开（连接）LuxFlow，开始执行测试用例！！！
[2022-01-14 13:53:15,997][main_page.py 237][INFO]: 进入打开页
[2022-01-14 13:53:17,587][main_page.py 193][INFO]: 点击本地打开按钮
[2022-01-14 13:53:20,191][main.py 64][INFO]: 孔洞花瓶.stl已打开
[2022-01-14 13:53:21,023][main_page.py 37][INFO]: 发现检测修复弹框,是否修
[2022-01-14 13:53:21,023][main_page.py 39][INFO]: 上传修复
[2022-01-14 13:53:25,951][main_page.py 134][INFO]: 返回（零件列表图标，列表text,零件list[<uia_controls.ListItemWrapper - '1. 孔洞花瓶.STL', ListItem, -6242508233662051736>]）
[2022-01-14 13:53:26,436][main.py 205][INFO]: 已保存截图至E:\LuxFlow_front\\picture\打开零件_20220114135325.png
[2022-01-14 13:53:27,239][main_page.py 241][INFO]: 进入支撑页
[2022-01-14 13:53:30,897][main.py 217][INFO]: 下拉列表，第0个
[2022-01-14 13:53:31,129][support.py 125][INFO]: 选择第0项应用
[2022-01-14 13:53:31,130][support.py 191][INFO]: 输入参数{'抬升高度': 10, '支撑点直径': 1.5, '支撑头长度': 2.5, '支撑柱直径': 1.5, '支撑点间距': 4.5, '临界角': 75, '是否加固': True, '起始高度': 1.5, '角度': 50, '支撑加底座': True, '底座高度': 1.5}
[2022-01-14 13:54:08,310][support.py 202][INFO]: 点击是否加固
[2022-01-14 13:54:26,885][support.py 202][INFO]: 点击支撑加底座
[2022-01-14 13:54:38,362][support.py 229][INFO]: 生成
[2022-01-14 13:54:38,362][support.py 231][INFO]: 支撑生成进度条
[2022-01-14 13:54:42,736][support.py 241][INFO]: 进入布局页
[2022-01-14 13:54:42,736][batch.py 47][INFO]: 开始输入间距设置
[2022-01-14 13:54:43,965][batch.py 54][INFO]: 输入参数值5
[2022-01-14 13:54:44,744][batch.py 75][INFO]: 选择嵌套布局
[2022-01-14 13:54:45,541][batch.py 80][INFO]: 开始布局
[2022-01-14 13:54:45,541][main.py 243][INFO]: 计算时常
[2022-01-14 13:54:50,838][main.py 254][INFO]: 未及时捕捉到
[2022-01-14 13:54:51,726][batch.py 92][INFO]: 进入编码页
[2022-01-14 13:54:52,444][conftest.py 17][INFO]: 用例执行完毕，关闭软件！！！
[2022-01-14 14:02:49,213][conftest.py 14][INFO]: 打开（连接）LuxFlow，开始执行测试用例！！！
[2022-01-14 14:02:50,040][main_page.py 237][INFO]: 进入打开页
[2022-01-14 14:02:51,584][main_page.py 193][INFO]: 点击本地打开按钮
[2022-01-14 14:02:54,193][main.py 64][INFO]: 孔洞花瓶.stl已打开
[2022-01-14 14:02:55,013][main_page.py 37][INFO]: 发现检测修复弹框,是否修
[2022-01-14 14:02:55,013][main_page.py 39][INFO]: 上传修复
[2022-01-14 14:03:00,069][main_page.py 134][INFO]: 返回（零件列表图标，列表text,零件list[<uia_controls.ListItemWrapper - '1. 孔洞花瓶.STL', ListItem, -6242508233496124261>]）
[2022-01-14 14:03:00,677][main.py 205][INFO]: 已保存截图至E:\LuxFlow_front\\picture\打开零件_20220114140300.png
[2022-01-14 14:03:01,551][main_page.py 241][INFO]: 进入支撑页
[2022-01-14 14:03:05,657][main.py 217][INFO]: 下拉列表，第0个
[2022-01-14 14:03:05,783][support.py 125][INFO]: 选择第0项应用
[2022-01-14 14:03:05,783][support.py 191][INFO]: 输入参数{'抬升高度': 10, '支撑点直径': 1.5, '支撑头长度': 2.5, '支撑柱直径': 1.5, '支撑点间距': 4.5, '临界角': 75, '是否加固': True, '起始高度': 1.5, '角度': 50, '支撑加底座': True, '底座高度': 1.5}
[2022-01-14 14:04:10,312][support.py 202][INFO]: 点击支撑加底座
[2022-01-14 14:04:23,150][support.py 229][INFO]: 生成
[2022-01-14 14:04:23,151][support.py 231][INFO]: 支撑生成进度条
[2022-01-14 14:04:29,053][support.py 241][INFO]: 进入布局页
[2022-01-14 14:04:29,054][batch.py 47][INFO]: 开始输入间距设置
[2022-01-14 14:04:30,423][batch.py 54][INFO]: 输入参数值5
[2022-01-14 14:04:31,356][batch.py 75][INFO]: 选择嵌套布局
[2022-01-14 14:04:32,241][batch.py 80][INFO]: 开始布局
[2022-01-14 14:04:32,242][main.py 243][INFO]: 计算时常
[2022-01-14 14:04:37,326][main.py 254][INFO]: 未及时捕捉到
[2022-01-14 14:04:38,225][batch.py 92][INFO]: 进入编码页
[2022-01-14 14:04:38,814][conftest.py 17][INFO]: 用例执行完毕，关闭软件！！！
[2022-01-14 14:15:14,349][conftest.py 14][INFO]: 打开（连接）LuxFlow，开始执行测试用例！！！
[2022-01-14 14:15:15,181][main_page.py 237][INFO]: 进入打开页
[2022-01-14 14:15:16,661][main_page.py 193][INFO]: 点击本地打开按钮
[2022-01-14 14:15:19,228][main.py 64][INFO]: 孔洞花瓶.stl已打开
[2022-01-14 14:15:20,058][main_page.py 37][INFO]: 发现检测修复弹框,是否修
[2022-01-14 14:15:20,058][main_page.py 39][INFO]: 上传修复
[2022-01-14 14:15:24,729][main_page.py 134][INFO]: 返回（零件列表图标，列表text,零件list[<uia_controls.ListItemWrapper - '1. 孔洞花瓶.STL', ListItem, -6242508233469925186>]）
[2022-01-14 14:15:25,183][main.py 207][INFO]: 已保存截图至E:\LuxFlow_front\\picture\打开零件_20220114141524.png
[2022-01-14 14:15:25,959][main_page.py 241][INFO]: 进入支撑页
[2022-01-14 14:15:29,597][main.py 219][INFO]: 下拉列表，第0个
[2022-01-14 14:15:29,822][support.py 125][INFO]: 选择第0项应用
[2022-01-14 14:15:29,822][support.py 191][INFO]: 输入参数{'抬升高度': 10, '支撑点直径': 1.5, '支撑头长度': 2.5, '支撑柱直径': 1.5, '支撑点间距': 4.5, '临界角': 75, '是否加固': True, '起始高度': 1.5, '角度': 50, '支撑加底座': True, '底座高度': 1.5}
[2022-01-14 14:15:35,600][conftest.py 17][INFO]: 用例执行完毕，关闭软件！！！
[2022-01-14 14:23:35,319][conftest.py 14][INFO]: 打开（连接）LuxFlow，开始执行测试用例！！！
[2022-01-14 14:23:36,961][main_page.py 237][INFO]: 进入打开页
[2022-01-14 14:23:38,566][main_page.py 193][INFO]: 点击本地打开按钮
[2022-01-14 14:23:41,152][main.py 64][INFO]: 孔洞花瓶.stl已打开
[2022-01-14 14:23:41,960][main_page.py 37][INFO]: 发现检测修复弹框,是否修
[2022-01-14 14:23:41,960][main_page.py 39][INFO]: 上传修复
[2022-01-14 14:23:47,550][main_page.py 134][INFO]: 返回（零件列表图标，列表text,零件list[<uia_controls.ListItemWrapper - '1. 孔洞花瓶.STL', ListItem, -6242508233526066061>, <uia_controls.ListItemWrapper - '2. 孔洞花瓶.STL', ListItem, -6242508233524818486>]）
[2022-01-14 14:23:48,195][main.py 207][INFO]: 已保存截图至E:\LuxFlow_front\\picture\打开零件_20220114142347.png
[2022-01-14 14:23:49,147][main_page.py 241][INFO]: 进入支撑页
[2022-01-14 14:38:16,227][conftest.py 14][INFO]: 打开（连接）LuxFlow，开始执行测试用例！！！
[2022-01-14 14:38:17,071][main_page.py 237][INFO]: 进入打开页
[2022-01-14 14:38:18,703][main_page.py 193][INFO]: 点击本地打开按钮
[2022-01-14 14:38:21,309][main.py 64][INFO]: 孔洞花瓶.stl已打开
[2022-01-14 14:38:22,121][main_page.py 37][INFO]: 发现检测修复弹框,是否修
[2022-01-14 14:38:22,121][main_page.py 39][INFO]: 上传修复
[2022-01-14 14:38:27,117][main_page.py 134][INFO]: 返回（零件列表图标，列表text,零件list[<uia_controls.ListItemWrapper - '1. 孔洞花瓶.STL', ListItem, -6242508233499866986>]）
[2022-01-14 14:38:27,550][main.py 207][INFO]: 已保存截图至E:\LuxFlow_front\\picture\打开零件_20220114143827.png
[2022-01-14 14:38:28,324][main_page.py 241][INFO]: 进入支撑页
[2022-01-14 14:38:33,122][main.py 219][INFO]: 下拉列表，第0个
[2022-01-14 14:38:33,245][support.py 125][INFO]: 选择第0项应用
[2022-01-14 14:38:33,245][support.py 191][INFO]: 输入参数{'抬升高度': 10, '支撑点直径': 1.5, '支撑头长度': 2.5, '支撑柱直径': 1.5, '支撑点间距': 4.5, '临界角': 75, '是否加固': True, '起始高度': 1.5, '角度': 50, '支撑加底座': True, '底座高度': 1.5}
[2022-01-14 14:39:12,275][support.py 202][INFO]: 点击是否加固
[2022-01-14 14:39:32,400][support.py 202][INFO]: 点击支撑加底座
[2022-01-14 14:39:47,506][support.py 229][INFO]: 生成
[2022-01-14 14:39:47,506][support.py 231][INFO]: 支撑生成进度条
[2022-01-14 14:39:49,966][conftest.py 17][INFO]: 用例执行完毕，关闭软件！！！
[2022-01-14 14:54:29,485][conftest.py 14][INFO]: 打开（连接）LuxFlow，开始执行测试用例！！！
[2022-01-14 14:54:31,500][main_page.py 237][INFO]: 进入打开页
[2022-01-14 14:54:33,105][main_page.py 193][INFO]: 点击本地打开按钮
[2022-01-14 14:54:35,702][main.py 64][INFO]: 孔洞花瓶.stl已打开
[2022-01-14 14:54:36,529][main_page.py 37][INFO]: 发现检测修复弹框,是否修
[2022-01-14 14:54:36,530][main_page.py 39][INFO]: 上传修复
[2022-01-14 14:54:42,044][main_page.py 134][INFO]: 返回（零件列表图标，列表text,零件list[<uia_controls.ListItemWrapper - '1. 孔洞花瓶.STL', ListItem, -6242508233556007861>, <uia_controls.ListItemWrapper - '2. 孔洞花瓶.STL', ListItem, -6242508233554760286>]）
[2022-01-14 14:54:42,641][main.py 207][INFO]: 已保存截图至E:\LuxFlow_front\\picture\打开零件_20220114145442.png
[2022-01-14 14:54:43,482][main_page.py 241][INFO]: 进入支撑页
[2022-01-14 14:54:49,602][main.py 219][INFO]: 下拉列表，第0个
[2022-01-14 14:54:49,732][support.py 125][INFO]: 选择第0项应用
[2022-01-14 14:54:49,732][support.py 191][INFO]: 输入参数{'抬升高度': 10, '支撑点直径': 1.5, '支撑头长度': 2.5, '支撑柱直径': 1.5, '支撑点间距': 4.5, '临界角': 75, '是否加固': True, '起始高度': 1.5, '角度': 50, '支撑加底座': True, '底座高度': 1.5}
[2022-01-14 14:55:30,470][support.py 202][INFO]: 点击是否加固
[2022-01-14 14:55:50,117][support.py 202][INFO]: 点击支撑加底座
[2022-01-14 14:56:06,307][support.py 229][INFO]: 生成
[2022-01-14 14:56:06,308][support.py 231][INFO]: 支撑生成进度条
[2022-01-14 14:56:06,308][main.py 245][INFO]: 计算时常
[2022-01-14 14:56:10,709][main.py 247][INFO]: 控件出现2022-01-14 14:56:10.709420
[2022-01-14 14:56:11,521][main.py 250][INFO]: 控件消失2022-01-14 14:56:11.521750
[2022-01-14 14:56:11,522][main.py 253][INFO]: 存在时长0:00:01
[2022-01-14 14:56:12,085][main.py 207][INFO]: 已保存截图至E:\LuxFlow_front\\picture\生成支撑_20220114145611.png
[2022-01-14 14:56:17,850][support.py 241][INFO]: 进入布局页
[2022-01-14 14:56:17,851][batch.py 47][INFO]: 开始输入间距设置
[2022-01-14 14:56:19,175][batch.py 54][INFO]: 输入参数值5
[2022-01-14 14:56:20,061][batch.py 75][INFO]: 选择嵌套布局
[2022-01-14 14:56:20,967][batch.py 80][INFO]: 开始布局
[2022-01-14 14:56:20,967][main.py 245][INFO]: 计算时常
[2022-01-14 14:56:26,222][main.py 256][INFO]: 未及时捕捉到
[2022-01-14 14:56:27,085][main_page.py 256][INFO]: 进入切片页
[2022-01-14 14:56:28,084][conftest.py 17][INFO]: 用例执行完毕，关闭软件！！！
[2022-01-14 15:07:06,937][conftest.py 14][INFO]: 打开（连接）LuxFlow，开始执行测试用例！！！
[2022-01-14 15:07:07,752][main_page.py 237][INFO]: 进入打开页
[2022-01-14 15:07:09,376][main_page.py 193][INFO]: 点击本地打开按钮
[2022-01-14 15:07:11,994][main.py 64][INFO]: 孔洞花瓶.stl已打开
[2022-01-14 15:07:12,839][main_page.py 37][INFO]: 发现检测修复弹框,是否修
[2022-01-14 15:07:12,839][main_page.py 39][INFO]: 上传修复
[2022-01-14 15:07:18,348][main_page.py 134][INFO]: 返回（零件列表图标，列表text,零件list[<uia_controls.ListItemWrapper - '1. 孔洞花瓶.STL', ListItem, -6242508233318968611>]）
[2022-01-14 15:07:18,952][main.py 207][INFO]: 已保存截图至E:\LuxFlow_front\\picture\打开零件_20220114150718.png
[2022-01-14 15:07:19,855][main_page.py 241][INFO]: 进入支撑页
[2022-01-14 15:07:26,200][main.py 219][INFO]: 下拉列表，第0个
[2022-01-14 15:07:26,333][support.py 125][INFO]: 选择第0项应用
[2022-01-14 15:07:26,334][support.py 191][INFO]: 输入参数{'抬升高度': 10, '支撑点直径': 1.5, '支撑头长度': 2.5, '支撑柱直径': 1.5, '支撑点间距': 4.5, '临界角': 75, '是否加固': True, '起始高度': 1.5, '角度': 50, '支撑加底座': True, '底座高度': 1.5}
[2022-01-14 15:08:06,955][support.py 202][INFO]: 点击是否加固
[2022-01-14 15:08:26,951][support.py 202][INFO]: 点击支撑加底座
[2022-01-14 15:08:43,278][support.py 229][INFO]: 生成
[2022-01-14 15:08:43,279][support.py 231][INFO]: 支撑生成进度条
[2022-01-14 15:08:44,186][conftest.py 17][INFO]: 用例执行完毕，关闭软件！！！
[2022-01-14 15:24:29,114][conftest.py 14][INFO]: 打开（连接）LuxFlow，开始执行测试用例！！！
[2022-01-14 15:24:29,923][main_page.py 237][INFO]: 进入打开页
[2022-01-14 15:24:31,539][main_page.py 193][INFO]: 点击本地打开按钮
[2022-01-14 15:24:34,125][main.py 64][INFO]: 孔洞花瓶.stl已打开
[2022-01-14 15:24:34,939][main_page.py 37][INFO]: 发现检测修复弹框,是否修
[2022-01-14 15:24:34,939][main_page.py 39][INFO]: 上传修复
[2022-01-14 15:24:39,855][main_page.py 134][INFO]: 返回（零件列表图标，列表text,零件list[<uia_controls.ListItemWrapper - '1. 孔洞花瓶.STL', ListItem, -6242508233357643436>]）
[2022-01-14 15:24:40,316][main.py 207][INFO]: 已保存截图至E:\LuxFlow_front\\picture\打开零件_20220114152439.png
[2022-01-14 15:24:41,086][main_page.py 241][INFO]: 进入支撑页
[2022-01-14 15:24:46,618][main.py 219][INFO]: 下拉列表，第0个
[2022-01-14 15:24:46,849][support.py 125][INFO]: 选择第0项应用
[2022-01-14 15:24:46,849][support.py 191][INFO]: 输入参数{'抬升高度': 10, '支撑点直径': 1.5, '支撑头长度': 2.5, '支撑柱直径': 1.5, '支撑点间距': 4.5, '临界角': 75, '是否加固': True, '起始高度': 1.5, '角度': 50, '支撑加底座': True, '底座高度': 1.5}
[2022-01-14 15:25:24,960][support.py 202][INFO]: 点击是否加固
[2022-01-14 15:25:43,559][support.py 202][INFO]: 点击支撑加底座
[2022-01-14 15:25:58,611][support.py 229][INFO]: 生成
[2022-01-14 15:25:58,612][support.py 231][INFO]: 支撑生成进度条
[2022-01-14 15:26:02,948][conftest.py 17][INFO]: 用例执行完毕，关闭软件！！！
[2022-01-14 15:26:29,550][conftest.py 14][INFO]: 打开（连接）LuxFlow，开始执行测试用例！！！
[2022-01-14 15:26:30,378][main_page.py 237][INFO]: 进入打开页
[2022-01-14 15:26:31,986][main_page.py 193][INFO]: 点击本地打开按钮
[2022-01-14 15:26:34,586][main.py 64][INFO]: 孔洞花瓶.stl已打开
[2022-01-14 15:26:35,413][main_page.py 37][INFO]: 发现检测修复弹框,是否修
[2022-01-14 15:26:35,413][main_page.py 39][INFO]: 上传修复
[2022-01-14 15:26:40,018][main_page.py 134][INFO]: 返回（零件列表图标，列表text,零件list[<uia_controls.ListItemWrapper - '1. 孔洞花瓶.STL', ListItem, -6242508233413784311>]）
[2022-01-14 15:26:40,472][main.py 207][INFO]: 已保存截图至E:\LuxFlow_front\\picture\打开零件_20220114152640.png
[2022-01-14 15:26:41,245][main_page.py 241][INFO]: 进入支撑页
[2022-01-14 15:26:46,814][main.py 219][INFO]: 下拉列表，第0个
[2022-01-14 15:26:47,035][support.py 125][INFO]: 选择第0项应用
[2022-01-14 15:26:47,035][support.py 191][INFO]: 输入参数{'抬升高度': 10, '支撑点直径': 1.5, '支撑头长度': 2.5, '支撑柱直径': 1.5, '支撑点间距': 4.5, '临界角': 75, '是否加固': True, '起始高度': 1.5, '角度': 50, '支撑加底座': True, '底座高度': 1.5}
[2022-01-14 15:27:25,210][support.py 202][INFO]: 点击是否加固
[2022-01-14 15:27:43,874][support.py 202][INFO]: 点击支撑加底座
[2022-01-14 15:27:58,990][support.py 229][INFO]: 生成
[2022-01-14 15:27:58,990][support.py 231][INFO]: 支撑生成进度条
[2022-01-14 15:27:58,991][main.py 245][INFO]: 计算时常
[2022-01-14 15:28:00,288][main.py 247][INFO]: 控件出现2022-01-14 15:28:00.288349
[2022-01-14 15:28:01,088][main.py 250][INFO]: 控件消失2022-01-14 15:28:01.088203
[2022-01-14 15:28:01,088][main.py 253][INFO]: 存在时长0:00:01
[2022-01-14 15:28:01,518][main.py 207][INFO]: 已保存截图至E:\LuxFlow_front\\picture\生成支撑_20220114152801.png
[2022-01-14 15:28:06,608][support.py 241][INFO]: 进入布局页
[2022-01-14 15:28:06,608][batch.py 47][INFO]: 开始输入间距设置
[2022-01-14 15:28:07,776][batch.py 54][INFO]: 输入参数值5
[2022-01-14 15:28:08,556][batch.py 75][INFO]: 选择嵌套布局
[2022-01-14 15:28:09,320][batch.py 80][INFO]: 开始布局
[2022-01-14 15:28:09,320][main.py 245][INFO]: 计算时常
[2022-01-14 15:28:14,621][main.py 256][INFO]: 未及时捕捉到
[2022-01-14 15:28:15,382][main_page.py 256][INFO]: 进入切片页
[2022-01-14 15:28:16,239][conftest.py 17][INFO]: 用例执行完毕，关闭软件！！！
[2022-01-14 15:33:57,568][main_page.py 256][INFO]: 进入切片页
[2022-01-14 15:34:25,638][main_page.py 256][INFO]: 进入切片页
[2022-01-14 15:34:43,709][main_page.py 256][INFO]: 进入切片页
[2022-01-14 15:36:03,970][main_page.py 256][INFO]: 进入切片页
[2022-01-14 15:36:43,742][main_page.py 256][INFO]: 进入切片页
[2022-01-14 15:37:33,524][main_page.py 256][INFO]: 进入切片页
[2022-01-14 15:37:34,178][slice.py 34][INFO]: 在自定义里操作
[2022-01-14 15:43:22,783][main_page.py 241][INFO]: 进入支撑页
[2022-01-14 15:43:22,784][support.py 191][INFO]: 输入参数{'抬升高度': 10, '支撑点直径': 1.5, '支撑头长度': 2.5, '支撑柱直径': 1.5, '支撑点间距': 4.5, '临界角': 75, '是否加固': True, '起始高度': 1.5, '角度': 50, '支撑加底座': True, '底座高度': 1.5}
[2022-01-14 15:44:20,635][support.py 202][INFO]: 点击支撑加底座
[2022-01-14 15:47:00,707][main_page.py 241][INFO]: 进入支撑页
[2022-01-14 15:47:00,707][support.py 191][INFO]: 输入参数{'是否加固': True, '支撑加底座': True}
[2022-01-14 15:47:13,742][support.py 202][INFO]: 点击支撑加底座
[2022-01-14 15:47:32,385][main_page.py 241][INFO]: 进入支撑页
[2022-01-14 15:47:32,386][support.py 191][INFO]: 输入参数{'是否加固': True}
[2022-01-14 15:48:17,915][main_page.py 241][INFO]: 进入支撑页
[2022-01-14 15:48:17,915][support.py 191][INFO]: 输入参数{'是否加固': True}
[2022-01-14 15:48:37,649][main_page.py 241][INFO]: 进入支撑页
[2022-01-14 15:48:37,649][support.py 191][INFO]: 输入参数{'是否加固': True}
[2022-01-14 15:48:44,369][support.py 202][INFO]: 点击是否加固
[2022-01-14 15:49:33,118][main_page.py 241][INFO]: 进入支撑页
[2022-01-14 15:49:33,118][support.py 191][INFO]: 输入参数{'是否加固': True}
[2022-01-14 15:49:49,995][main_page.py 241][INFO]: 进入支撑页
[2022-01-14 15:49:49,996][support.py 191][INFO]: 输入参数{'是否加固': True}
[2022-01-14 15:49:56,716][support.py 202][INFO]: 点击是否加固
[2022-01-14 15:50:31,319][main_page.py 241][INFO]: 进入支撑页
[2022-01-14 15:50:31,320][support.py 191][INFO]: 输入参数{'抬升高度': 10, '支撑点直径': 1.5, '支撑头长度': 2.5, '支撑柱直径': 1.5, '支撑点间距': 4.5, '临界角': 75, '是否加固': True, '起始高度': 1.5, '角度': 50, '支撑加底座': True, '底座高度': 1.5}
[2022-01-14 15:51:29,278][support.py 202][INFO]: 点击支撑加底座
[2022-01-14 15:57:08,013][conftest.py 14][INFO]: 打开（连接）LuxFlow，开始执行测试用例！！！
[2022-01-14 15:57:08,846][main_page.py 237][INFO]: 进入打开页
[2022-01-14 15:57:10,388][main_page.py 193][INFO]: 点击本地打开按钮
[2022-01-14 15:57:12,989][main.py 64][INFO]: 孔洞花瓶.stl已打开
[2022-01-14 15:57:13,937][main_page.py 37][INFO]: 发现检测修复弹框,是否修
[2022-01-14 15:57:13,939][main_page.py 39][INFO]: 上传修复
[2022-01-14 15:57:19,082][main_page.py 134][INFO]: 返回（零件列表图标，列表text,零件list[<uia_controls.ListItemWrapper - '1. 孔洞花瓶.STL', ListItem, -6242508231907961286>]）
[2022-01-14 15:57:19,685][main.py 207][INFO]: 已保存截图至E:\LuxFlow_front\\picture\打开零件_20220114155719.png
[2022-01-14 15:57:20,499][main_page.py 241][INFO]: 进入支撑页
[2022-01-14 15:57:26,869][main.py 219][INFO]: 下拉列表，第0个
[2022-01-14 15:57:26,993][support.py 125][INFO]: 选择第0项应用
[2022-01-14 15:57:26,995][support.py 191][INFO]: 输入参数{'抬升高度': 10, '支撑点直径': 1.5, '支撑头长度': 2.5, '支撑柱直径': 1.5, '支撑点间距': 4.5, '临界角': 75, '是否加固': True, '起始高度': 1.5, '角度': 50, '支撑加底座': True, '底座高度': 1.5}
[2022-01-14 15:58:07,324][support.py 202][INFO]: 点击是否加固
[2022-01-14 15:58:22,909][support.py 202][INFO]: 点击支撑加底座
[2022-01-14 15:58:34,896][support.py 230][INFO]: 生成
[2022-01-14 15:58:34,898][support.py 232][INFO]: 支撑生成进度条
[2022-01-14 15:58:34,898][main.py 245][INFO]: 计算时常
[2022-01-14 15:58:36,251][main.py 247][INFO]: 控件出现2022-01-14 15:58:36.251046
[2022-01-14 15:58:36,699][main.py 250][INFO]: 控件消失2022-01-14 15:58:36.699426
[2022-01-14 15:58:36,703][main.py 253][INFO]: 存在时长0:00:00
[2022-01-14 15:58:37,276][main.py 207][INFO]: 已保存截图至E:\LuxFlow_front\\picture\生成支撑_20220114155836.png
[2022-01-14 15:58:43,056][support.py 242][INFO]: 进入布局页
[2022-01-14 15:58:43,058][batch.py 47][INFO]: 开始输入间距设置
[2022-01-14 15:58:44,476][batch.py 54][INFO]: 输入参数值5
[2022-01-14 15:58:45,398][batch.py 75][INFO]: 选择嵌套布局
[2022-01-14 15:58:46,251][batch.py 80][INFO]: 开始布局
[2022-01-14 15:58:46,252][main.py 245][INFO]: 计算时常
[2022-01-14 15:58:51,510][main.py 256][INFO]: 未及时捕捉到
[2022-01-14 15:58:52,425][main_page.py 256][INFO]: 进入切片页
[2022-01-14 15:58:53,360][slice.py 34][INFO]: 在自定义里操作
[2022-01-14 15:58:54,406][main.py 245][INFO]: 计算时常
[2022-01-14 15:58:58,001][main.py 247][INFO]: 控件出现2022-01-14 15:58:58.001413
[2022-01-14 16:03:50,031][main.py 250][INFO]: 控件消失2022-01-14 16:03:50.031964
[2022-01-14 16:03:50,032][main.py 253][INFO]: 存在时长0:04:52
[2022-01-14 16:03:50,032][slice_frame.py 62][INFO]: 切片成功，跳转进入上传页
[2022-01-14 16:03:50,183][conftest.py 17][INFO]: 用例执行完毕，关闭软件！！！
