[2022-02-23 14:39:56,469][conftest.py 14][INFO]: 打开（连接）LuxFlow，开始执行测试用例！！！
[2022-02-23 14:40:17,861][main_page.py 232][INFO]: 进入打开页
[2022-02-23 14:40:21,465][main_page.py 186][INFO]: 点击本地打开按钮
[2022-02-23 14:40:25,110][main.py 62][INFO]: "孔洞花瓶.stl" "谢牙龈.stl"已打开
[2022-02-23 14:40:27,912][main_page.py 36][INFO]: 发现检测修复弹框,是否修复
[2022-02-23 14:40:27,912][main_page.py 38][INFO]: 上传修复
[2022-02-23 14:40:50,169][main.py 201][INFO]: 已保存截图至E:\LuxFlow_front\picture\打开零件_20220223144048.png
[2022-02-23 14:40:51,984][main_page.py 236][INFO]: 进入支撑页
[2022-02-23 14:41:01,600][main.py 211][INFO]: 下拉列表，第0个
[2022-02-23 14:41:01,731][support.py 117][INFO]: 选择第0项应用
[2022-02-23 14:41:01,731][support.py 182][INFO]: 输入参数{'抬升高度': 10, '支撑点直径': 1.5, '支撑头长度': 2.5, '支撑柱直径': 1.5, '支撑点间距': 4.5, '临界角': 75, '是否加固': True, '起始高度': 1.5, '角度': 50, '支撑加底座': True, '底座高度': 1.5}
[2022-02-23 14:42:17,036][support.py 193][INFO]: 点击是否加固
[2022-02-23 14:42:44,447][support.py 193][INFO]: 点击支撑加底座
[2022-02-23 14:43:10,757][support.py 221][INFO]: 生成
[2022-02-23 14:43:10,757][support.py 223][INFO]: 支撑生成进度条
[2022-02-23 14:43:10,758][main.py 236][INFO]: 计算时常
[2022-02-23 14:43:14,247][main.py 238][INFO]: 控件出现2022-02-23 14:43:14.247190
[2022-02-23 14:43:19,483][main.py 241][INFO]: 控件消失2022-02-23 14:43:19.483432
[2022-02-23 14:43:19,484][main.py 244][INFO]: 存在时长0:00:05
[2022-02-23 14:43:20,421][main.py 201][INFO]: 已保存截图至E:\LuxFlow_front\picture\生成支撑_20220223144319.png
[2022-02-23 14:43:32,331][support.py 233][INFO]: 进入布局页
[2022-02-23 14:43:32,331][batch.py 47][INFO]: 开始输入间距设置
[2022-02-23 14:43:34,445][batch.py 54][INFO]: 输入参数值5
[2022-02-23 14:43:36,147][batch.py 75][INFO]: 选择嵌套布局
[2022-02-23 14:43:37,912][batch.py 80][INFO]: 开始布局
[2022-02-23 14:43:37,912][main.py 236][INFO]: 计算时常
[2022-02-23 14:43:43,793][main.py 247][INFO]: 未及时捕捉到
[2022-02-23 14:43:44,763][main.py 201][INFO]: 已保存截图至E:\LuxFlow_front\picture\布局截图_20220223144343.png
[2022-02-23 14:43:46,509][main_page.py 251][INFO]: 进入切片页
[2022-02-23 14:43:48,312][slice.py 34][INFO]: 在自定义里操作
[2022-02-23 14:43:50,315][main.py 236][INFO]: 计算时常
[2022-02-23 14:43:54,412][main.py 238][INFO]: 控件出现2022-02-23 14:43:54.412071
[2022-02-23 14:45:02,192][main.py 241][INFO]: 控件消失2022-02-23 14:45:02.192557
[2022-02-23 14:45:02,192][main.py 244][INFO]: 存在时长0:01:08
[2022-02-23 14:45:03,196][main.py 201][INFO]: 已保存截图至E:\LuxFlow_front\picture\切片后截图_20220223144502.png
[2022-02-23 14:45:03,196][slice_frame.py 63][INFO]: 准备跳转进入上传页
[2022-02-23 14:45:04,232][conftest.py 17][INFO]: 用例执行完毕，关闭软件！！！
[2022-02-23 15:00:17,956][conftest.py 14][INFO]: 打开（连接）LuxFlow，开始执行测试用例！！！
[2022-02-23 15:00:19,786][main_page.py 232][INFO]: 进入打开页
[2022-02-23 15:00:23,499][main_page.py 186][INFO]: 点击本地打开按钮
[2022-02-23 15:00:26,852][main.py 62][INFO]: "孔洞花瓶.stl" "谢牙龈.stl"已打开
[2022-02-23 15:00:29,691][main_page.py 36][INFO]: 发现检测修复弹框,是否修复
[2022-02-23 15:00:29,691][main_page.py 38][INFO]: 上传修复
