[2022-02-11 10:03:55,131][conftest.py 14][INFO]: 打开（连接）LuxFlow，开始执行测试用例！！！
[2022-02-11 10:04:39,386][conftest.py 14][INFO]: 打开（连接）LuxFlow，开始执行测试用例！！！
[2022-02-11 10:04:59,902][main_page.py 232][INFO]: 进入打开页
[2022-02-11 10:05:01,022][main_page.py 186][INFO]: 点击本地打开按钮
[2022-02-11 10:05:06,722][conftest.py 17][INFO]: 用例执行完毕，关闭软件！！！
[2022-02-11 10:05:07,499][main_page.py 216][INFO]: 关闭软件
[2022-02-11 10:05:22,491][conftest.py 14][INFO]: 打开（连接）LuxFlow，开始执行测试用例！！！
[2022-02-11 10:05:36,165][main_page.py 232][INFO]: 进入打开页
[2022-02-11 10:05:37,269][main_page.py 186][INFO]: 点击本地打开按钮
[2022-02-11 10:05:41,451][main.py 62][INFO]: "孔洞花瓶.stl" "谢牙龈.stl"已打开
[2022-02-11 10:05:43,967][main_page.py 36][INFO]: 发现检测修复弹框,是否修复
[2022-02-11 10:05:43,968][main_page.py 38][INFO]: 上传修复
[2022-02-11 10:05:59,320][main.py 201][INFO]: 已保存截图至E:\LuxFlow_front\picture\打开零件_20220211100558.png
[2022-02-11 10:05:59,938][main_page.py 236][INFO]: 进入支撑页
[2022-02-11 10:06:03,119][main.py 211][INFO]: 下拉列表，第0个
[2022-02-11 10:06:03,352][support.py 117][INFO]: 选择第0项应用
[2022-02-11 10:06:03,357][support.py 182][INFO]: 输入参数{'抬升高度': 10, '支撑点直径': 1.5, '支撑头长度': 2.5, '支撑柱直径': 1.5, '支撑点间距': 4.5, '临界角': 75, '是否加固': True, '起始高度': 1.5, '角度': 50, '支撑加底座': True, '底座高度': 1.5}
[2022-02-11 10:06:35,633][support.py 193][INFO]: 点击是否加固
[2022-02-11 10:06:48,182][support.py 193][INFO]: 点击支撑加底座
[2022-02-11 10:06:58,980][support.py 221][INFO]: 生成
[2022-02-11 10:06:58,982][support.py 223][INFO]: 支撑生成进度条
[2022-02-11 10:06:58,983][main.py 236][INFO]: 计算时常
[2022-02-11 10:07:00,076][main.py 238][INFO]: 控件出现2022-02-11 10:07:00.076473
[2022-02-11 10:07:07,408][main.py 241][INFO]: 控件消失2022-02-11 10:07:07.408600
[2022-02-11 10:07:07,409][main.py 244][INFO]: 存在时长0:00:07
[2022-02-11 10:07:07,802][main.py 201][INFO]: 已保存截图至E:\LuxFlow_front\picture\生成支撑_20220211100707.png
[2022-02-11 10:07:12,269][support.py 233][INFO]: 进入布局页
[2022-02-11 10:07:12,269][batch.py 47][INFO]: 开始输入间距设置
[2022-02-11 10:07:13,314][batch.py 54][INFO]: 输入参数值5
[2022-02-11 10:07:13,936][batch.py 75][INFO]: 选择嵌套布局
[2022-02-11 10:07:14,556][batch.py 80][INFO]: 开始布局
[2022-02-11 10:07:14,557][main.py 236][INFO]: 计算时常
[2022-02-11 10:07:19,569][main.py 247][INFO]: 未及时捕捉到
[2022-02-11 10:07:20,002][main.py 201][INFO]: 已保存截图至E:\LuxFlow_front\picture\布局截图_20220211100719.png
[2022-02-11 10:07:20,613][main_page.py 251][INFO]: 进入切片页
[2022-02-11 10:07:21,262][slice.py 34][INFO]: 在自定义里操作
[2022-02-11 10:07:21,996][main.py 236][INFO]: 计算时常
[2022-02-11 10:07:24,724][main.py 238][INFO]: 控件出现2022-02-11 10:07:24.724318
[2022-02-11 10:12:30,957][main.py 241][INFO]: 控件消失2022-02-11 10:12:30.957765
[2022-02-11 10:12:30,958][main.py 244][INFO]: 存在时长0:05:06
[2022-02-11 10:12:31,371][main.py 201][INFO]: 已保存截图至E:\LuxFlow_front\picture\切片后截图_20220211101230.png
[2022-02-11 10:12:31,374][slice_frame.py 63][INFO]: 准备跳转进入上传页
[2022-02-11 10:12:31,780][conftest.py 17][INFO]: 用例执行完毕，关闭软件！！！
