[2022-02-09 10:25:26,065][conftest.py 14][INFO]: 打开（连接）LuxFlow，开始执行测试用例！！！
[2022-02-09 10:25:43,918][main_page.py 232][INFO]: 进入打开页
[2022-02-09 10:25:45,303][main_page.py 186][INFO]: 点击本地打开按钮
[2022-02-09 10:25:48,520][main.py 62][INFO]: 孔洞花瓶.stl已打开
[2022-02-09 10:25:49,569][main_page.py 36][INFO]: 发现检测修复弹框,是否修
[2022-02-09 10:25:49,569][main_page.py 38][INFO]: 上传修复
[2022-02-09 10:25:54,208][main.py 201][INFO]: 已保存截图至E:\LuxFlow_front\\picture\打开零件_20220209102553.png
[2022-02-09 10:25:54,943][main_page.py 236][INFO]: 进入支撑页
[2022-02-09 10:25:58,212][main.py 211][INFO]: 下拉列表，第0个
[2022-02-09 10:25:58,437][support.py 117][INFO]: 选择第0项应用
[2022-02-09 10:25:58,438][support.py 182][INFO]: 输入参数{'抬升高度': 10, '支撑点直径': 1.5, '支撑头长度': 2.5, '支撑柱直径': 1.5, '支撑点间距': 4.5, '临界角': 75, '是否加固': True, '起始高度': 1.5, '角度': 50, '支撑加底座': True, '底座高度': 1.5}
[2022-02-09 10:26:32,513][support.py 193][INFO]: 点击是否加固
[2022-02-09 10:26:45,628][support.py 193][INFO]: 点击支撑加底座
[2022-02-09 10:26:55,871][support.py 221][INFO]: 生成
[2022-02-09 10:26:55,871][support.py 223][INFO]: 支撑生成进度条
[2022-02-09 10:26:55,871][main.py 236][INFO]: 计算时常
[2022-02-09 10:26:57,183][main.py 238][INFO]: 控件出现2022-02-09 10:26:57.183551
[2022-02-09 10:26:59,871][main.py 241][INFO]: 控件消失2022-02-09 10:26:59.871614
[2022-02-09 10:26:59,871][main.py 244][INFO]: 存在时长0:00:02
[2022-02-09 10:27:00,257][main.py 201][INFO]: 已保存截图至E:\LuxFlow_front\\picture\生成支撑_20220209102659.png
[2022-02-09 10:27:05,018][support.py 233][INFO]: 进入布局页
[2022-02-09 10:27:05,018][batch.py 47][INFO]: 开始输入间距设置
[2022-02-09 10:27:06,061][batch.py 54][INFO]: 输入参数值5
[2022-02-09 10:27:06,812][batch.py 75][INFO]: 选择嵌套布局
[2022-02-09 10:27:07,470][batch.py 80][INFO]: 开始布局
[2022-02-09 10:27:07,470][main.py 236][INFO]: 计算时常
[2022-02-09 10:27:12,507][main.py 247][INFO]: 未及时捕捉到
[2022-02-09 10:27:13,202][main_page.py 251][INFO]: 进入切片页
[2022-02-09 10:27:13,892][slice.py 34][INFO]: 在自定义里操作
[2022-02-09 10:27:14,778][main.py 236][INFO]: 计算时常
[2022-02-09 10:27:20,027][main.py 247][INFO]: 未及时捕捉到
[2022-02-09 10:27:20,027][slice_frame.py 62][INFO]: 切片成功，跳转进入上传页
[2022-02-09 10:27:20,089][conftest.py 17][INFO]: 用例执行完毕，关闭软件！！！
[2022-02-09 10:27:22,039][main_page.py 216][INFO]: 关闭软件
[2022-02-09 10:27:23,677][main_page.py 219][INFO]: 不保存
[2022-02-09 11:14:17,972][conftest.py 14][INFO]: 打开（连接）LuxFlow，开始执行测试用例！！！
[2022-02-09 11:14:31,581][main_page.py 232][INFO]: 进入打开页
[2022-02-09 11:14:32,626][main_page.py 232][INFO]: 进入打开页
[2022-02-09 11:14:32,636][conftest.py 17][INFO]: 用例执行完毕，关闭软件！！！
[2022-02-09 11:14:33,515][main_page.py 216][INFO]: 关闭软件
[2022-02-09 11:19:13,960][conftest.py 14][INFO]: 打开（连接）LuxFlow，开始执行测试用例！！！
[2022-02-09 11:19:27,308][main_page.py 232][INFO]: 进入打开页
[2022-02-09 11:19:28,230][main_page.py 232][INFO]: 进入打开页
[2022-02-09 11:19:28,240][conftest.py 17][INFO]: 用例执行完毕，关闭软件！！！
[2022-02-09 11:19:29,104][main_page.py 216][INFO]: 关闭软件
[2022-02-09 11:22:48,725][conftest.py 14][INFO]: 打开（连接）LuxFlow，开始执行测试用例！！！
[2022-02-09 11:23:02,082][main_page.py 232][INFO]: 进入打开页
[2022-02-09 11:23:02,950][main_page.py 232][INFO]: 进入打开页
[2022-02-09 11:23:02,961][conftest.py 17][INFO]: 用例执行完毕，关闭软件！！！
[2022-02-09 11:23:03,896][main_page.py 216][INFO]: 关闭软件
[2022-02-09 11:23:27,107][conftest.py 14][INFO]: 打开（连接）LuxFlow，开始执行测试用例！！！
[2022-02-09 11:23:40,693][main_page.py 232][INFO]: 进入打开页
[2022-02-09 11:23:41,641][main_page.py 232][INFO]: 进入打开页
[2022-02-09 11:23:41,650][conftest.py 17][INFO]: 用例执行完毕，关闭软件！！！
[2022-02-09 11:23:42,578][main_page.py 216][INFO]: 关闭软件
[2022-02-09 13:54:20,830][conftest.py 14][INFO]: 打开（连接）LuxFlow，开始执行测试用例！！！
[2022-02-09 13:54:33,512][conftest.py 17][INFO]: 用例执行完毕，关闭软件！！！
[2022-02-09 13:54:45,688][conftest.py 14][INFO]: 打开（连接）LuxFlow，开始执行测试用例！！！
[2022-02-09 13:54:58,037][conftest.py 17][INFO]: 用例执行完毕，关闭软件！！！
[2022-02-09 13:55:35,982][conftest.py 14][INFO]: 打开（连接）LuxFlow，开始执行测试用例！！！
[2022-02-09 13:55:49,406][main_page.py 232][INFO]: 进入打开页
[2022-02-09 13:55:51,028][main_page.py 186][INFO]: 点击本地打开按钮
[2022-02-09 13:55:53,844][main.py 62][INFO]: 孔洞花瓶.stl已打开
[2022-02-09 13:55:54,587][main_page.py 36][INFO]: 发现检测修复弹框,是否修
[2022-02-09 13:55:54,588][main_page.py 38][INFO]: 上传修复
[2022-02-09 13:56:00,041][main.py 201][INFO]: 已保存截图至E:\LuxFlow_front\\picture\打开零件_20220209135559.png
[2022-02-09 13:56:00,826][main_page.py 236][INFO]: 进入支撑页
[2022-02-09 13:56:05,106][main.py 211][INFO]: 下拉列表，第0个
[2022-02-09 13:56:05,236][support.py 117][INFO]: 选择第0项应用
[2022-02-09 13:56:05,236][support.py 182][INFO]: 输入参数{'抬升高度': 10, '支撑点直径': 1.5, '支撑头长度': 2.5, '支撑柱直径': 1.5, '支撑点间距': 4.5, '临界角': 75, '是否加固': True, '起始高度': 1.5, '角度': 50, '支撑加底座': True, '底座高度': 1.5}
[2022-02-09 15:28:13,255][conftest.py 14][INFO]: 打开（连接）LuxFlow，开始执行测试用例！！！
[2022-02-09 15:28:27,630][main_page.py 232][INFO]: 进入打开页
[2022-02-09 15:28:27,668][conftest.py 17][INFO]: 用例执行完毕，关闭软件！！！
[2022-02-09 15:31:46,359][conftest.py 14][INFO]: 打开（连接）LuxFlow，开始执行测试用例！！！
[2022-02-09 15:31:47,229][main_page.py 232][INFO]: 进入打开页
[2022-02-09 15:31:47,248][conftest.py 17][INFO]: 用例执行完毕，关闭软件！！！
[2022-02-09 15:34:25,681][conftest.py 14][INFO]: 打开（连接）LuxFlow，开始执行测试用例！！！
[2022-02-09 15:34:26,459][main_page.py 232][INFO]: 进入打开页
[2022-02-09 15:34:26,478][conftest.py 17][INFO]: 用例执行完毕，关闭软件！！！
[2022-02-09 15:36:14,729][conftest.py 14][INFO]: 打开（连接）LuxFlow，开始执行测试用例！！！
[2022-02-09 15:36:15,455][main_page.py 232][INFO]: 进入打开页
[2022-02-09 15:36:16,900][main_page.py 186][INFO]: 点击本地打开按钮
[2022-02-09 15:36:19,965][main.py 62][INFO]: 孔洞花瓶.stl,谢牙龈.stl已打开
[2022-02-09 15:36:21,549][main_page.py 57][INFO]: 未发现修复检测弹框，无需修复
[2022-02-09 15:36:22,538][main_page.py 57][INFO]: 未发现修复检测弹框，无需修复
[2022-02-09 15:41:44,953][conftest.py 14][INFO]: 打开（连接）LuxFlow，开始执行测试用例！！！
[2022-02-09 15:41:45,621][main_page.py 232][INFO]: 进入打开页
[2022-02-09 15:41:46,960][main_page.py 186][INFO]: 点击本地打开按钮
[2022-02-09 15:41:50,213][main.py 62][INFO]: "孔洞花瓶.stl" "谢牙龈.stl"已打开
[2022-02-09 15:41:52,678][main_page.py 36][INFO]: 发现检测修复弹框,是否修
[2022-02-09 15:41:52,678][main_page.py 38][INFO]: 上传修复
[2022-02-09 15:42:07,680][main.py 201][INFO]: 已保存截图至E:\LuxFlow_front\\picture\打开零件_20220209154207.png
[2022-02-09 15:42:08,532][main_page.py 236][INFO]: 进入支撑页
[2022-02-09 15:42:12,463][main.py 211][INFO]: 下拉列表，第0个
[2022-02-09 15:42:12,593][support.py 117][INFO]: 选择第0项应用
[2022-02-09 15:42:12,593][support.py 182][INFO]: 输入参数{'抬升高度': 10, '支撑点直径': 1.5, '支撑头长度': 2.5, '支撑柱直径': 1.5, '支撑点间距': 4.5, '临界角': 75, '是否加固': True, '起始高度': 1.5, '角度': 50, '支撑加底座': True, '底座高度': 1.5}
[2022-02-09 15:42:52,470][support.py 193][INFO]: 点击是否加固
[2022-02-09 15:43:07,636][support.py 193][INFO]: 点击支撑加底座
[2022-02-09 15:43:19,223][support.py 221][INFO]: 生成
[2022-02-09 15:43:19,224][support.py 223][INFO]: 支撑生成进度条
[2022-02-09 15:43:19,224][main.py 236][INFO]: 计算时常
[2022-02-09 15:43:24,536][main.py 247][INFO]: 未及时捕捉到
[2022-02-09 15:43:24,914][main.py 201][INFO]: 已保存截图至E:\LuxFlow_front\\picture\生成支撑_20220209154324.png
[2022-02-09 15:43:30,703][support.py 233][INFO]: 进入布局页
[2022-02-09 15:43:30,703][batch.py 47][INFO]: 开始输入间距设置
[2022-02-09 15:43:31,916][batch.py 54][INFO]: 输入参数值5
[2022-02-09 15:43:32,557][batch.py 75][INFO]: 选择嵌套布局
[2022-02-09 15:43:33,276][batch.py 80][INFO]: 开始布局
[2022-02-09 15:43:33,276][main.py 236][INFO]: 计算时常
[2022-02-09 15:43:38,625][main.py 247][INFO]: 未及时捕捉到
[2022-02-09 15:43:39,268][main_page.py 251][INFO]: 进入切片页
[2022-02-09 15:43:40,023][slice.py 34][INFO]: 在2里操作
[2022-02-09 15:43:40,023][slice.py 40][ERROR]: 限制为：推荐、自定义，2无效
[2022-02-09 15:43:40,857][main.py 236][INFO]: 计算时常
[2022-02-09 15:43:46,333][main.py 247][INFO]: 未及时捕捉到
[2022-02-09 15:43:46,333][slice_frame.py 62][INFO]: 切片成功，跳转进入上传页
[2022-02-09 15:43:46,333][conftest.py 17][INFO]: 用例执行完毕，关闭软件！！！
