[2022-03-14 14:27:04,625][conftest.py 14][INFO]: 打开（连接）LuxFlow，开始执行测试用例！！！
[2022-03-14 14:27:19,327][conftest.py 17][INFO]: 用例执行完毕，关闭软件！！！
[2022-03-14 14:29:11,442][conftest.py 14][INFO]: 打开（连接）LuxFlow，开始执行测试用例！！！
[2022-03-14 14:29:12,945][main.py 219][INFO]: 已保存截图至E:\LuxFlow_front\picture\进入LuxFlow_20220314142911.png
[2022-03-14 14:29:14,348][main_page.py 258][INFO]: 点击本地打开按钮
[2022-03-14 14:29:17,407][main.py 62][INFO]: 孔洞花瓶.stl已打开
[2022-03-14 14:29:18,142][main_page.py 38][INFO]: 发现检测修复弹框,是否修复
[2022-03-14 14:29:18,142][main_page.py 50][INFO]: 忽略
[2022-03-14 14:29:19,476][main.py 219][INFO]: 已保存截图至E:\LuxFlow_front\picture\导入模型_20220314142919.png
[2022-03-14 14:29:21,894][main.py 219][INFO]: 已保存截图至E:\LuxFlow_front\picture\选中模型_20220314142921.png
[2022-03-14 14:29:22,303][main.py 219][INFO]: 已保存截图至E:\LuxFlow_front\picture\模型参数_20220314142921.png
[2022-03-14 14:29:22,883][main_page.py 241][INFO]: 返回选中零件得信息{'零件信息': {'长:': '43.64 mm', '宽:': '22.82 mm', '高:': '100.00 mm', '体积:': '19.19 ml', '面积:': '996.04 mm²'}}
[2022-03-14 14:29:23,725][main.py 219][INFO]: 已保存截图至E:\LuxFlow_front\picture\删除模型_20220314142923.png
[2022-03-14 14:29:26,810][main.py 219][INFO]: 已保存截图至E:\LuxFlow_front\picture\进入LuxFlow_20220314142926.png
[2022-03-14 14:29:28,069][main_page.py 258][INFO]: 点击本地打开按钮
[2022-03-14 14:29:34,133][main.py 62][INFO]: "heart.stl" "22.STL" "耳机.stx" "立方体.stl" "眼镜.stl" "通用手机支架.stl" "十字.stl"已打开
[2022-03-14 14:29:36,754][main_page.py 38][INFO]: 发现检测修复弹框,是否修复
[2022-03-14 14:29:36,754][main_page.py 40][INFO]: 上传修复
[2022-03-14 14:29:45,635][main.py 219][INFO]: 已保存截图至E:\LuxFlow_front\picture\导入模型_20220314142945.png
[2022-03-14 14:29:47,671][main.py 219][INFO]: 已保存截图至E:\LuxFlow_front\picture\选中模型_20220314142947.png
[2022-03-14 14:29:48,209][main.py 219][INFO]: 已保存截图至E:\LuxFlow_front\picture\模型参数_20220314142947.png
[2022-03-14 14:29:48,838][main_page.py 241][INFO]: 返回选中零件得信息{'零件信息': {'长:': '21.99 mm', '宽:': '10.00 mm', '高:': '22.00 mm', '体积:': '2.52 ml', '面积:': '219.92 mm²'}}
[2022-03-14 14:29:49,634][main.py 219][INFO]: 已保存截图至E:\LuxFlow_front\picture\删除模型_20220314142949.png
[2022-03-14 14:29:52,155][conftest.py 17][INFO]: 用例执行完毕，关闭软件！！！
[2022-03-14 14:31:23,703][conftest.py 14][INFO]: 打开（连接）LuxFlow，开始执行测试用例！！！
[2022-03-14 14:31:24,125][main.py 219][INFO]: 已保存截图至E:\LuxFlow_front\picture\进入LuxFlow_20220314143123.png
[2022-03-14 14:31:25,446][main_page.py 258][INFO]: 点击本地打开按钮
[2022-03-14 14:31:27,970][main.py 62][INFO]: 孔洞花瓶.stl已打开
[2022-03-14 14:31:28,786][main_page.py 38][INFO]: 发现检测修复弹框,是否修复
[2022-03-14 14:31:28,786][main_page.py 50][INFO]: 忽略
[2022-03-14 14:31:30,663][main.py 219][INFO]: 已保存截图至E:\LuxFlow_front\picture\导入模型_20220314143130.png
[2022-03-14 14:31:33,248][main.py 219][INFO]: 已保存截图至E:\LuxFlow_front\picture\选中模型_20220314143132.png
[2022-03-14 14:31:33,723][main.py 219][INFO]: 已保存截图至E:\LuxFlow_front\picture\模型参数_20220314143133.png
[2022-03-14 14:31:34,543][main_page.py 241][INFO]: 返回选中零件得信息{'零件信息': {'长:': '43.64 mm', '宽:': '22.82 mm', '高:': '100.00 mm', '体积:': '19.19 ml', '面积:': '996.04 mm²'}}
[2022-03-14 14:31:35,445][main.py 219][INFO]: 已保存截图至E:\LuxFlow_front\picture\删除模型_20220314143134.png
[2022-03-14 14:31:40,102][main.py 219][INFO]: 已保存截图至E:\LuxFlow_front\picture\进入LuxFlow_20220314143139.png
[2022-03-14 14:31:41,674][main_page.py 258][INFO]: 点击本地打开按钮
[2022-03-14 14:31:47,761][main.py 62][INFO]: "heart.stl" "22.STL" "耳机.stx" "立方体.stl" "眼镜.stl" "通用手机支架.stl" "十字.stl"已打开
[2022-03-14 14:31:49,696][main_page.py 38][INFO]: 发现检测修复弹框,是否修复
[2022-03-14 14:31:49,696][main_page.py 40][INFO]: 上传修复
[2022-03-14 14:31:58,838][main.py 219][INFO]: 已保存截图至E:\LuxFlow_front\picture\导入模型_20220314143158.png
[2022-03-14 14:32:00,862][main.py 219][INFO]: 已保存截图至E:\LuxFlow_front\picture\选中模型_20220314143200.png
[2022-03-14 14:32:01,285][main.py 219][INFO]: 已保存截图至E:\LuxFlow_front\picture\模型参数_20220314143200.png
[2022-03-14 14:32:02,033][main_page.py 241][INFO]: 返回选中零件得信息{'零件信息': {'长:': '21.99 mm', '宽:': '10.00 mm', '高:': '22.00 mm', '体积:': '2.52 ml', '面积:': '219.92 mm²'}}
[2022-03-14 14:32:02,975][main.py 219][INFO]: 已保存截图至E:\LuxFlow_front\picture\删除模型_20220314143202.png
[2022-03-14 14:32:07,045][conftest.py 17][INFO]: 用例执行完毕，关闭软件！！！
[2022-03-14 14:32:13,078][conftest.py 14][INFO]: 打开（连接）LuxFlow，开始执行测试用例！！！
[2022-03-14 14:32:13,584][main.py 219][INFO]: 已保存截图至E:\LuxFlow_front\picture\进入LuxFlow_20220314143213.png
[2022-03-14 14:32:14,850][main_page.py 258][INFO]: 点击本地打开按钮
[2022-03-14 14:32:17,467][main.py 62][INFO]: 孔洞花瓶.stl已打开
[2022-03-14 14:32:18,119][main_page.py 38][INFO]: 发现检测修复弹框,是否修复
[2022-03-14 14:32:18,119][main_page.py 50][INFO]: 忽略
[2022-03-14 14:32:19,734][main.py 219][INFO]: 已保存截图至E:\LuxFlow_front\picture\导入模型_20220314143219.png
[2022-03-14 14:32:21,697][main.py 219][INFO]: 已保存截图至E:\LuxFlow_front\picture\选中模型_20220314143221.png
[2022-03-14 14:32:22,078][main.py 219][INFO]: 已保存截图至E:\LuxFlow_front\picture\模型参数_20220314143221.png
[2022-03-14 14:32:22,663][main_page.py 241][INFO]: 返回选中零件得信息{'零件信息': {'长:': '43.64 mm', '宽:': '22.82 mm', '高:': '100.00 mm', '体积:': '19.19 ml', '面积:': '996.04 mm²'}}
[2022-03-14 14:32:23,412][main.py 219][INFO]: 已保存截图至E:\LuxFlow_front\picture\删除模型_20220314143223.png
[2022-03-14 14:32:26,971][main.py 219][INFO]: 已保存截图至E:\LuxFlow_front\picture\进入LuxFlow_20220314143226.png
[2022-03-14 14:32:28,258][main_page.py 258][INFO]: 点击本地打开按钮
[2022-03-14 14:32:34,322][main.py 62][INFO]: "heart.stl" "22.STL" "耳机.stx" "立方体.stl" "眼镜.stl" "通用手机支架.stl" "十字.stl"已打开
[2022-03-14 14:32:36,120][main_page.py 38][INFO]: 发现检测修复弹框,是否修复
[2022-03-14 14:32:36,120][main_page.py 40][INFO]: 上传修复
[2022-03-14 14:32:44,315][main.py 219][INFO]: 已保存截图至E:\LuxFlow_front\picture\导入模型_20220314143243.png
[2022-03-14 14:32:46,346][main.py 219][INFO]: 已保存截图至E:\LuxFlow_front\picture\选中模型_20220314143245.png
[2022-03-14 14:32:46,744][main.py 219][INFO]: 已保存截图至E:\LuxFlow_front\picture\模型参数_20220314143246.png
[2022-03-14 14:32:47,337][main_page.py 241][INFO]: 返回选中零件得信息{'零件信息': {'长:': '21.99 mm', '宽:': '10.00 mm', '高:': '22.00 mm', '体积:': '2.52 ml', '面积:': '219.92 mm²'}}
[2022-03-14 14:32:48,213][main.py 219][INFO]: 已保存截图至E:\LuxFlow_front\picture\删除模型_20220314143247.png
[2022-03-14 14:32:51,544][conftest.py 17][INFO]: 用例执行完毕，关闭软件！！！
[2022-03-14 14:35:10,058][conftest.py 14][INFO]: 打开（连接）LuxFlow，开始执行测试用例！！！
[2022-03-14 14:35:10,486][main.py 219][INFO]: 已保存截图至E:\LuxFlow_front\picture\进入LuxFlow_20220314143510.png
[2022-03-14 14:35:11,726][main_page.py 256][INFO]: 点击本地打开按钮
[2022-03-14 14:35:14,360][main.py 62][INFO]: 孔洞花瓶.stl已打开
[2022-03-14 14:35:15,069][main_page.py 38][INFO]: 发现检测修复弹框,是否修复
[2022-03-14 14:35:15,070][main_page.py 50][INFO]: 忽略
[2022-03-14 14:35:16,767][main.py 219][INFO]: 已保存截图至E:\LuxFlow_front\picture\导入模型_20220314143516.png
[2022-03-14 14:35:18,907][main.py 219][INFO]: 已保存截图至E:\LuxFlow_front\picture\选中模型_20220314143518.png
[2022-03-14 14:35:19,332][main.py 219][INFO]: 已保存截图至E:\LuxFlow_front\picture\模型参数_20220314143518.png
[2022-03-14 14:35:19,956][main_page.py 239][INFO]: 返回选中零件得信息{'零件信息': {'长:': '43.64 mm', '宽:': '22.82 mm', '高:': '100.00 mm', '体积:': '19.19 ml', '面积:': '996.04 mm²'}}
[2022-03-14 14:35:20,789][main.py 219][INFO]: 已保存截图至E:\LuxFlow_front\picture\删除模型_20220314143520.png
[2022-03-14 14:35:24,663][main.py 219][INFO]: 已保存截图至E:\LuxFlow_front\picture\进入LuxFlow_20220314143524.png
[2022-03-14 14:35:25,985][main_page.py 256][INFO]: 点击本地打开按钮
[2022-03-14 14:35:32,064][main.py 62][INFO]: "heart.stl" "22.STL" "耳机.stx" "立方体.stl" "眼镜.stl" "通用手机支架.stl" "十字.stl"已打开
[2022-03-14 14:35:33,939][main_page.py 38][INFO]: 发现检测修复弹框,是否修复
[2022-03-14 14:35:33,940][main_page.py 40][INFO]: 上传修复
[2022-03-14 14:35:42,180][main.py 219][INFO]: 已保存截图至E:\LuxFlow_front\picture\导入模型_20220314143541.png
[2022-03-14 14:35:44,234][main.py 219][INFO]: 已保存截图至E:\LuxFlow_front\picture\选中模型_20220314143543.png
[2022-03-14 14:35:44,775][main.py 219][INFO]: 已保存截图至E:\LuxFlow_front\picture\模型参数_20220314143544.png
[2022-03-14 14:35:45,382][main_page.py 239][INFO]: 返回选中零件得信息{'零件信息': {'长:': '21.99 mm', '宽:': '10.00 mm', '高:': '22.00 mm', '体积:': '2.52 ml', '面积:': '219.92 mm²'}}
[2022-03-14 14:35:46,184][main.py 219][INFO]: 已保存截图至E:\LuxFlow_front\picture\删除模型_20220314143545.png
[2022-03-14 14:35:49,666][conftest.py 17][INFO]: 用例执行完毕，关闭软件！！！
[2022-03-14 14:40:00,105][conftest.py 14][INFO]: 打开（连接）LuxFlow，开始执行测试用例！！！
[2022-03-14 14:40:00,535][main.py 219][INFO]: 已保存截图至E:\LuxFlow_front\picture\进入LuxFlow_20220314144000.png
[2022-03-14 14:40:01,832][main_page.py 256][INFO]: 点击本地打开按钮
[2022-03-14 14:40:04,387][main.py 62][INFO]: 孔洞花瓶.stl已打开
[2022-03-14 14:40:05,214][main_page.py 38][INFO]: 发现检测修复弹框,是否修复
[2022-03-14 14:40:05,214][main_page.py 50][INFO]: 忽略
[2022-03-14 14:40:07,203][main.py 219][INFO]: 已保存截图至E:\LuxFlow_front\picture\导入模型_20220314144006.png
[2022-03-14 14:40:08,663][main.py 219][INFO]: 已保存截图至E:\LuxFlow_front\picture\选中模型_20220314144008.png
[2022-03-14 14:40:09,169][main.py 219][INFO]: 已保存截图至E:\LuxFlow_front\picture\模型参数_20220314144008.png
[2022-03-14 14:40:09,875][main_page.py 239][INFO]: 返回选中零件得信息{'零件信息': {'长:': '24.65 mm', '宽:': '24.25 mm', '高:': '25.86 mm', '体积:': '2.00 ml', '面积:': '597.75 mm²'}}
[2022-03-14 14:40:10,773][main.py 219][INFO]: 已保存截图至E:\LuxFlow_front\picture\删除模型_20220314144010.png
[2022-03-14 14:40:15,549][main.py 219][INFO]: 已保存截图至E:\LuxFlow_front\picture\进入LuxFlow_20220314144014.png
[2022-03-14 14:40:17,082][main_page.py 256][INFO]: 点击本地打开按钮
[2022-03-14 14:40:23,067][main.py 62][INFO]: "heart.stl" "22.STL" "耳机.stx" "立方体.stl" "眼镜.stl" "通用手机支架.stl" "十字.stl"已打开
[2022-03-14 14:40:25,096][main_page.py 38][INFO]: 发现检测修复弹框,是否修复
[2022-03-14 14:40:25,096][main_page.py 40][INFO]: 上传修复
[2022-03-14 14:40:33,891][main.py 219][INFO]: 已保存截图至E:\LuxFlow_front\picture\导入模型_20220314144033.png
[2022-03-14 14:40:36,058][main.py 219][INFO]: 已保存截图至E:\LuxFlow_front\picture\选中模型_20220314144035.png
[2022-03-14 14:40:36,618][main.py 219][INFO]: 已保存截图至E:\LuxFlow_front\picture\模型参数_20220314144036.png
[2022-03-14 14:40:37,369][main_page.py 239][INFO]: 返回选中零件得信息{'零件信息': {'长:': '21.99 mm', '宽:': '10.00 mm', '高:': '22.00 mm', '体积:': '2.52 ml', '面积:': '219.92 mm²'}}
[2022-03-14 14:40:38,251][main.py 219][INFO]: 已保存截图至E:\LuxFlow_front\picture\删除模型_20220314144037.png
[2022-03-14 14:40:42,256][conftest.py 17][INFO]: 用例执行完毕，关闭软件！！！
[2022-03-14 14:43:08,880][conftest.py 14][INFO]: 打开（连接）LuxFlow，开始执行测试用例！！！
[2022-03-14 14:43:09,294][main.py 219][INFO]: 已保存截图至E:\LuxFlow_front\picture\进入LuxFlow_20220314144308.png
[2022-03-14 14:43:10,564][main_page.py 256][INFO]: 点击本地打开按钮
[2022-03-14 14:43:13,075][main.py 62][INFO]: 孔洞花瓶.stl已打开
[2022-03-14 14:43:13,901][main_page.py 38][INFO]: 发现检测修复弹框,是否修复
[2022-03-14 14:43:13,901][main_page.py 50][INFO]: 忽略
[2022-03-14 14:43:15,889][main.py 219][INFO]: 已保存截图至E:\LuxFlow_front\picture\导入模型_20220314144315.png
[2022-03-14 14:43:18,567][main.py 219][INFO]: 已保存截图至E:\LuxFlow_front\picture\选中模型_20220314144317.png
[2022-03-14 14:43:19,072][main.py 219][INFO]: 已保存截图至E:\LuxFlow_front\picture\模型参数_20220314144318.png
[2022-03-14 14:43:19,834][main_page.py 239][INFO]: 返回选中零件得信息{'零件信息': {'长:': '43.64 mm', '宽:': '22.82 mm', '高:': '100.00 mm', '体积:': '19.19 ml', '面积:': '996.04 mm²'}}
[2022-03-14 14:43:20,715][main.py 219][INFO]: 已保存截图至E:\LuxFlow_front\picture\删除模型_20220314144320.png
[2022-03-14 14:43:25,297][main.py 219][INFO]: 已保存截图至E:\LuxFlow_front\picture\进入LuxFlow_20220314144324.png
[2022-03-14 14:43:26,848][main_page.py 256][INFO]: 点击本地打开按钮
[2022-03-14 14:55:02,392][conftest.py 14][INFO]: 打开（连接）LuxFlow，开始执行测试用例！！！
[2022-03-14 14:55:02,822][main.py 219][INFO]: 已保存截图至E:\LuxFlow_front\picture\进入LuxFlow_20220314145502.png
[2022-03-14 14:55:04,095][main_page.py 256][INFO]: 点击本地打开按钮
[2022-03-14 14:55:06,775][main.py 62][INFO]: 孔洞花瓶.stl已打开
[2022-03-14 14:55:07,515][main_page.py 38][INFO]: 发现检测修复弹框,是否修复
[2022-03-14 14:55:07,515][main_page.py 50][INFO]: 忽略
[2022-03-14 14:55:09,276][main.py 219][INFO]: 已保存截图至E:\LuxFlow_front\picture\导入模型_20220314145508.png
[2022-03-14 14:55:11,598][main.py 219][INFO]: 已保存截图至E:\LuxFlow_front\picture\选中模型_20220314145511.png
[2022-03-14 14:55:12,084][main.py 219][INFO]: 已保存截图至E:\LuxFlow_front\picture\模型参数_20220314145511.png
[2022-03-14 14:55:12,724][main_page.py 239][INFO]: 返回选中零件得信息{'零件信息': {'长:': '43.64 mm', '宽:': '22.82 mm', '高:': '100.00 mm', '体积:': '19.19 ml', '面积:': '996.04 mm²'}}
[2022-03-14 14:55:15,569][main.py 219][INFO]: 已保存截图至E:\LuxFlow_front\picture\删除模型_20220314145515.png
[2022-03-14 14:55:17,102][main.py 219][INFO]: 已保存截图至E:\LuxFlow_front\picture\进入LuxFlow_20220314145516.png
[2022-03-14 14:55:18,505][main_page.py 256][INFO]: 点击本地打开按钮
[2022-03-14 14:55:24,555][main.py 62][INFO]: "heart.stl" "22.STL" "耳机.stx" "立方体.stl" "眼镜.stl" "通用手机支架.stl" "十字.stl"已打开
[2022-03-14 14:55:26,492][main_page.py 38][INFO]: 发现检测修复弹框,是否修复
[2022-03-14 14:55:26,492][main_page.py 40][INFO]: 上传修复
[2022-03-14 14:55:35,222][main.py 219][INFO]: 已保存截图至E:\LuxFlow_front\picture\导入模型_20220314145534.png
[2022-03-14 14:55:37,853][main.py 219][INFO]: 已保存截图至E:\LuxFlow_front\picture\选中模型_20220314145537.png
[2022-03-14 14:55:38,315][main.py 219][INFO]: 已保存截图至E:\LuxFlow_front\picture\模型参数_20220314145537.png
[2022-03-14 14:55:39,070][main_page.py 239][INFO]: 返回选中零件得信息{'零件信息': {'长:': '21.99 mm', '宽:': '10.00 mm', '高:': '22.00 mm', '体积:': '2.52 ml', '面积:': '219.92 mm²'}}
[2022-03-14 14:55:42,369][main.py 219][INFO]: 已保存截图至E:\LuxFlow_front\picture\删除模型_20220314145541.png
[2022-03-14 14:55:45,484][conftest.py 14][INFO]: 打开（连接）LuxFlow，开始执行测试用例！！！
[2022-03-14 14:55:45,895][main.py 219][INFO]: 已保存截图至E:\LuxFlow_front\picture\进入LuxFlow_20220314145545.png
[2022-03-14 14:55:47,367][main_page.py 256][INFO]: 点击本地打开按钮
[2022-03-14 14:55:49,906][main.py 62][INFO]: 孔洞花瓶.stl已打开
[2022-03-14 14:55:50,769][main_page.py 38][INFO]: 发现检测修复弹框,是否修复
[2022-03-14 14:55:50,769][main_page.py 50][INFO]: 忽略
[2022-03-14 14:56:00,385][conftest.py 14][INFO]: 打开（连接）LuxFlow，开始执行测试用例！！！
[2022-03-14 14:56:00,925][main.py 219][INFO]: 已保存截图至E:\LuxFlow_front\picture\进入LuxFlow_20220314145600.png
[2022-03-14 14:56:02,198][main_page.py 256][INFO]: 点击本地打开按钮
[2022-03-14 14:56:04,779][main.py 62][INFO]: 孔洞花瓶.stl已打开
[2022-03-14 14:56:05,446][main_page.py 38][INFO]: 发现检测修复弹框,是否修复
[2022-03-14 14:56:05,446][main_page.py 50][INFO]: 忽略
[2022-03-14 14:56:07,132][main.py 219][INFO]: 已保存截图至E:\LuxFlow_front\picture\导入模型_20220314145606.png
[2022-03-14 14:56:09,107][main.py 219][INFO]: 已保存截图至E:\LuxFlow_front\picture\选中模型_20220314145608.png
[2022-03-14 14:56:09,558][main.py 219][INFO]: 已保存截图至E:\LuxFlow_front\picture\模型参数_20220314145609.png
[2022-03-14 14:56:10,139][main_page.py 239][INFO]: 返回选中零件得信息{'零件信息': {'长:': '43.64 mm', '宽:': '22.82 mm', '高:': '100.00 mm', '体积:': '19.19 ml', '面积:': '996.04 mm²'}}
[2022-03-14 14:56:12,650][main.py 219][INFO]: 已保存截图至E:\LuxFlow_front\picture\删除模型_20220314145612.png
[2022-03-14 14:56:13,790][main.py 219][INFO]: 已保存截图至E:\LuxFlow_front\picture\进入LuxFlow_20220314145613.png
[2022-03-14 14:56:15,115][main_page.py 256][INFO]: 点击本地打开按钮
[2022-03-14 14:56:21,194][main.py 62][INFO]: "heart.stl" "22.STL" "耳机.stx" "立方体.stl" "眼镜.stl" "通用手机支架.stl" "十字.stl"已打开
[2022-03-14 14:56:22,992][main_page.py 38][INFO]: 发现检测修复弹框,是否修复
[2022-03-14 14:56:22,992][main_page.py 40][INFO]: 上传修复
[2022-03-14 14:56:43,519][main.py 219][INFO]: 已保存截图至E:\LuxFlow_front\picture\导入模型_20220314145643.png
[2022-03-14 14:56:45,605][main.py 219][INFO]: 已保存截图至E:\LuxFlow_front\picture\选中模型_20220314145645.png
[2022-03-14 14:56:46,093][main.py 219][INFO]: 已保存截图至E:\LuxFlow_front\picture\模型参数_20220314145645.png
[2022-03-14 14:56:47,035][conftest.py 17][INFO]: 用例执行完毕，关闭软件！！！
[2022-03-14 15:00:56,302][conftest.py 14][INFO]: 打开（连接）LuxFlow，开始执行测试用例！！！
[2022-03-14 15:00:56,744][main.py 219][INFO]: 已保存截图至E:\LuxFlow_front\picture\进入LuxFlow_20220314150056.png
[2022-03-14 15:00:58,010][main_page.py 256][INFO]: 点击本地打开按钮
[2022-03-14 15:01:00,627][main.py 62][INFO]: 孔洞花瓶.stl已打开
[2022-03-14 15:01:01,317][main_page.py 38][INFO]: 发现检测修复弹框,是否修复
[2022-03-14 15:01:01,317][main_page.py 50][INFO]: 忽略
[2022-03-14 15:01:02,952][main.py 219][INFO]: 已保存截图至E:\LuxFlow_front\picture\导入模型_20220314150102.png
[2022-03-14 15:01:06,273][main.py 219][INFO]: 已保存截图至E:\LuxFlow_front\picture\删除模型_20220314150105.png
[2022-03-14 15:01:07,430][main.py 219][INFO]: 已保存截图至E:\LuxFlow_front\picture\进入LuxFlow_20220314150107.png
[2022-03-14 15:01:08,686][main_page.py 256][INFO]: 点击本地打开按钮
[2022-03-14 15:01:14,769][main.py 62][INFO]: "heart.stl" "22.STL" "耳机.stx" "立方体.stl" "眼镜.stl" "通用手机支架.stl" "十字.stl"已打开
[2022-03-14 15:01:16,539][main_page.py 38][INFO]: 发现检测修复弹框,是否修复
[2022-03-14 15:01:16,539][main_page.py 40][INFO]: 上传修复
[2022-03-14 15:01:24,692][main.py 219][INFO]: 已保存截图至E:\LuxFlow_front\picture\导入模型_20220314150124.png
[2022-03-14 15:01:28,018][main.py 219][INFO]: 已保存截图至E:\LuxFlow_front\picture\删除模型_20220314150127.png
[2022-03-14 15:01:30,886][main.py 219][INFO]: 已保存截图至E:\LuxFlow_front\picture\选中模型_20220314150130.png
[2022-03-14 15:01:31,276][main.py 219][INFO]: 已保存截图至E:\LuxFlow_front\picture\模型参数_20220314150130.png
[2022-03-14 15:01:31,873][main_page.py 239][INFO]: 返回选中零件得信息{'零件信息': {'长:': '45.00 mm', '宽:': '10.00 mm', '高:': '2.00 mm', '体积:': '0.90 ml', '面积:': '450.00 mm²'}}
[2022-03-14 15:01:33,428][conftest.py 17][INFO]: 用例执行完毕，关闭软件！！！
[2022-03-14 15:05:57,797][conftest.py 14][INFO]: 打开（连接）LuxFlow，开始执行测试用例！！！
[2022-03-14 15:05:58,242][main.py 219][INFO]: 已保存截图至E:\LuxFlow_front\picture\进入LuxFlow_20220314150557.png
[2022-03-14 15:05:59,546][main_page.py 258][INFO]: 点击本地打开按钮
[2022-03-14 15:06:02,074][main.py 62][INFO]: 孔洞花瓶.stl已打开
[2022-03-14 15:06:02,886][main_page.py 38][INFO]: 发现检测修复弹框,是否修复
[2022-03-14 15:06:02,886][main_page.py 50][INFO]: 忽略
[2022-03-14 15:06:04,747][main.py 219][INFO]: 已保存截图至E:\LuxFlow_front\picture\导入模型_20220314150604.png
[2022-03-14 15:06:09,735][main.py 219][INFO]: 已保存截图至E:\LuxFlow_front\picture\删除模型_20220314150609.png
[2022-03-14 15:06:10,462][main_page.py 133][ERROR]: 零件列表为空
[2022-03-14 15:06:11,590][main.py 219][INFO]: 已保存截图至E:\LuxFlow_front\picture\进入LuxFlow_20220314150611.png
[2022-03-14 15:06:13,153][main_page.py 258][INFO]: 点击本地打开按钮
[2022-03-14 15:06:19,145][main.py 62][INFO]: "heart.stl" "22.STL" "耳机.stx" "立方体.stl" "眼镜.stl" "通用手机支架.stl" "十字.stl"已打开
[2022-03-14 15:06:21,202][main_page.py 38][INFO]: 发现检测修复弹框,是否修复
[2022-03-14 15:06:21,202][main_page.py 40][INFO]: 上传修复
[2022-03-14 15:06:29,602][main.py 219][INFO]: 已保存截图至E:\LuxFlow_front\picture\导入模型_20220314150629.png
[2022-03-14 15:06:34,341][main.py 219][INFO]: 已保存截图至E:\LuxFlow_front\picture\删除模型_20220314150633.png
[2022-03-14 15:06:38,170][conftest.py 17][INFO]: 用例执行完毕，关闭软件！！！
[2022-03-14 15:07:40,178][conftest.py 14][INFO]: 打开（连接）LuxFlow，开始执行测试用例！！！
[2022-03-14 15:07:40,596][main.py 219][INFO]: 已保存截图至E:\LuxFlow_front\picture\进入LuxFlow_20220314150740.png
[2022-03-14 15:07:41,858][main_page.py 260][INFO]: 点击本地打开按钮
[2022-03-14 15:07:44,470][main.py 62][INFO]: 孔洞花瓶.stl已打开
[2022-03-14 15:07:45,326][main_page.py 38][INFO]: 发现检测修复弹框,是否修复
[2022-03-14 15:07:45,326][main_page.py 50][INFO]: 忽略
[2022-03-14 15:07:47,223][main.py 219][INFO]: 已保存截图至E:\LuxFlow_front\picture\导入模型_20220314150746.png
[2022-03-14 15:07:51,910][main.py 219][INFO]: 已保存截图至E:\LuxFlow_front\picture\删除模型_20220314150751.png
[2022-03-14 15:07:52,652][main_page.py 133][ERROR]: 零件列表为空
[2022-03-14 15:07:53,153][main.py 219][INFO]: 已保存截图至E:\LuxFlow_front\picture\进入LuxFlow_20220314150752.png
[2022-03-14 15:07:54,762][main_page.py 260][INFO]: 点击本地打开按钮
[2022-03-14 15:08:00,761][main.py 62][INFO]: "heart.stl" "22.STL" "耳机.stx" "立方体.stl" "眼镜.stl" "通用手机支架.stl" "十字.stl"已打开
[2022-03-14 15:08:02,889][main_page.py 38][INFO]: 发现检测修复弹框,是否修复
[2022-03-14 15:08:02,889][main_page.py 40][INFO]: 上传修复
[2022-03-14 15:08:11,772][main.py 219][INFO]: 已保存截图至E:\LuxFlow_front\picture\导入模型_20220314150811.png
[2022-03-14 15:08:16,245][main.py 219][INFO]: 已保存截图至E:\LuxFlow_front\picture\删除模型_20220314150815.png
[2022-03-14 15:08:20,586][main.py 219][INFO]: 已保存截图至E:\LuxFlow_front\picture\选中模型_20220314150820.png
[2022-03-14 15:08:21,039][main.py 219][INFO]: 已保存截图至E:\LuxFlow_front\picture\模型参数_20220314150820.png
[2022-03-14 15:08:21,772][main_page.py 243][INFO]: 返回选中零件得信息{'零件信息': {'长:': '45.00 mm', '宽:': '10.00 mm', '高:': '2.00 mm', '体积:': '0.90 ml', '面积:': '450.00 mm²'}}
[2022-03-14 15:08:23,633][conftest.py 17][INFO]: 用例执行完毕，关闭软件！！！
[2022-03-14 15:11:15,487][conftest.py 14][INFO]: 打开（连接）LuxFlow，开始执行测试用例！！！
[2022-03-14 15:11:15,909][main.py 219][INFO]: 已保存截图至E:\LuxFlow_front\picture\进入LuxFlow_20220314151115.png
[2022-03-14 15:11:17,194][main_page.py 260][INFO]: 点击本地打开按钮
[2022-03-14 15:11:19,702][main.py 62][INFO]: 孔洞花瓶.stl已打开
[2022-03-14 15:11:20,530][main_page.py 38][INFO]: 发现检测修复弹框,是否修复
[2022-03-14 15:11:20,531][main_page.py 50][INFO]: 忽略
[2022-03-14 15:11:22,449][main.py 219][INFO]: 已保存截图至E:\LuxFlow_front\picture\导入模型_20220314151121.png
[2022-03-14 15:11:25,345][main.py 219][INFO]: 已保存截图至E:\LuxFlow_front\picture\选中模型_20220314151124.png
[2022-03-14 15:11:25,914][main.py 219][INFO]: 已保存截图至E:\LuxFlow_front\picture\模型参数_20220314151125.png
[2022-03-14 15:11:26,695][main_page.py 243][INFO]: 返回选中零件得信息{'零件信息': {'长:': '43.64 mm', '宽:': '22.82 mm', '高:': '100.00 mm', '体积:': '19.19 ml', '面积:': '996.04 mm²'}}
[2022-03-14 15:11:29,897][main.py 219][INFO]: 已保存截图至E:\LuxFlow_front\picture\删除模型_20220314151129.png
[2022-03-14 15:11:30,548][main_page.py 133][ERROR]: 零件列表为空
[2022-03-14 15:11:31,070][main.py 219][INFO]: 已保存截图至E:\LuxFlow_front\picture\进入LuxFlow_20220314151130.png
[2022-03-14 15:11:32,700][main_page.py 260][INFO]: 点击本地打开按钮
[2022-03-14 15:11:38,779][main.py 62][INFO]: "heart.stl" "22.STL" "耳机.stx" "立方体.stl" "眼镜.stl" "通用手机支架.stl" "十字.stl"已打开
[2022-03-14 15:11:40,804][main_page.py 38][INFO]: 发现检测修复弹框,是否修复
[2022-03-14 15:11:40,804][main_page.py 40][INFO]: 上传修复
[2022-03-14 15:11:49,229][main.py 219][INFO]: 已保存截图至E:\LuxFlow_front\picture\导入模型_20220314151148.png
[2022-03-14 15:11:52,027][main.py 219][INFO]: 已保存截图至E:\LuxFlow_front\picture\选中模型_20220314151151.png
[2022-03-14 15:11:52,459][main.py 219][INFO]: 已保存截图至E:\LuxFlow_front\picture\模型参数_20220314151152.png
[2022-03-14 15:11:53,161][main_page.py 243][INFO]: 返回选中零件得信息{'零件信息': {'长:': '21.99 mm', '宽:': '10.00 mm', '高:': '22.00 mm', '体积:': '2.52 ml', '面积:': '219.92 mm²'}}
[2022-03-14 15:11:56,307][main.py 219][INFO]: 已保存截图至E:\LuxFlow_front\picture\删除模型_20220314151155.png
[2022-03-14 15:12:01,557][conftest.py 17][INFO]: 用例执行完毕，关闭软件！！！
[2022-03-14 15:14:34,535][conftest.py 14][INFO]: 打开（连接）LuxFlow，开始执行测试用例！！！
[2022-03-14 15:14:35,022][main.py 219][INFO]: 已保存截图至E:\LuxFlow_front\picture\进入LuxFlow_20220314151434.png
[2022-03-14 15:14:36,306][main_page.py 260][INFO]: 点击本地打开按钮
[2022-03-14 15:14:38,828][main.py 62][INFO]: 孔洞花瓶.stl已打开
[2022-03-14 15:14:39,613][main_page.py 38][INFO]: 发现检测修复弹框,是否修复
[2022-03-14 15:14:39,613][main_page.py 50][INFO]: 忽略
[2022-03-14 15:14:41,487][main.py 219][INFO]: 已保存截图至E:\LuxFlow_front\picture\导入模型_20220314151440.png
[2022-03-14 15:14:44,395][main.py 219][INFO]: 已保存截图至E:\LuxFlow_front\picture\选中模型_20220314151443.png
[2022-03-14 15:14:44,898][main.py 219][INFO]: 已保存截图至E:\LuxFlow_front\picture\模型参数_20220314151444.png
[2022-03-14 15:14:45,609][main_page.py 243][INFO]: 返回选中零件得信息{'零件信息': {'长:': '43.64 mm', '宽:': '22.82 mm', '高:': '100.00 mm', '体积:': '19.19 ml', '面积:': '996.04 mm²'}}
[2022-03-14 15:14:48,678][main.py 219][INFO]: 已保存截图至E:\LuxFlow_front\picture\删除模型_20220314151448.png
[2022-03-14 15:14:49,419][main_page.py 133][ERROR]: 零件列表为空
[2022-03-14 15:14:50,149][main_page.py 133][ERROR]: 零件列表为空
[2022-03-14 15:14:52,467][main.py 219][INFO]: 已保存截图至E:\LuxFlow_front\picture\进入LuxFlow_20220314151451.png
[2022-03-14 15:14:53,973][main_page.py 260][INFO]: 点击本地打开按钮
[2022-03-14 15:15:00,006][main.py 62][INFO]: "heart.stl" "22.STL" "耳机.stx" "立方体.stl" "眼镜.stl" "通用手机支架.stl" "十字.stl"已打开
[2022-03-14 15:15:02,101][main_page.py 38][INFO]: 发现检测修复弹框,是否修复
[2022-03-14 15:15:02,101][main_page.py 40][INFO]: 上传修复
[2022-03-14 15:15:10,881][main.py 219][INFO]: 已保存截图至E:\LuxFlow_front\picture\导入模型_20220314151510.png
[2022-03-14 15:15:13,726][main.py 219][INFO]: 已保存截图至E:\LuxFlow_front\picture\选中模型_20220314151513.png
[2022-03-14 15:15:14,239][main.py 219][INFO]: 已保存截图至E:\LuxFlow_front\picture\模型参数_20220314151513.png
[2022-03-14 15:15:14,984][main_page.py 243][INFO]: 返回选中零件得信息{'零件信息': {'长:': '21.99 mm', '宽:': '10.00 mm', '高:': '22.00 mm', '体积:': '2.52 ml', '面积:': '219.92 mm²'}}
[2022-03-14 15:15:18,073][main.py 219][INFO]: 已保存截图至E:\LuxFlow_front\picture\删除模型_20220314151517.png
[2022-03-14 15:15:22,737][conftest.py 17][INFO]: 用例执行完毕，关闭软件！！！
[2022-03-14 17:30:50,775][main_page.py 96][INFO]: (默认设备Quantum Lite)
[2022-03-14 17:33:56,721][main_page.py 96][INFO]: (默认设备Quantum Lite)
[2022-03-14 17:34:32,058][main_page.py 96][INFO]: (默认设备Quantum Lite)
[2022-03-14 17:34:46,258][main_page.py 96][INFO]: (默认设备Quantum Lite)
[2022-03-14 17:35:04,761][main_page.py 96][INFO]: (默认设备Quantum Lite)
[2022-03-14 17:37:26,242][main_page.py 96][INFO]: (默认设备Quantum Lite)
[2022-03-14 17:37:50,445][main_page.py 96][INFO]: (默认设备Quantum Lite)
[2022-03-14 18:08:51,168][main_page.py 96][INFO]: (默认设备Quantum Lite)
[2022-03-14 18:09:26,718][main_page.py 96][INFO]: (默认设备iLux Pro 8.9)
[2022-03-14 18:09:51,187][main_page.py 96][INFO]: (默认设备iLux Pro 8.9)
[2022-03-14 18:10:54,486][main_page.py 96][INFO]: (默认设备iLux Pro 8.9)
[2022-03-14 18:13:01,212][main_page.py 96][INFO]: (默认设备iLux Pro 8.9)
[2022-03-14 18:14:50,272][main_page.py 96][INFO]: (默认设备iLux Pro 8.9)
[2022-03-14 18:16:12,956][main_page.py 96][INFO]: (默认设备iLux Pro 8.9)
[2022-03-14 18:35:39,592][main_page.py 96][INFO]: (默认设备iLux Pro 8.9)
[2022-03-14 18:39:53,445][main_page.py 96][INFO]: (默认设备iLux Pro 8.9)
[2022-03-14 18:40:45,888][main_page.py 96][INFO]: (默认设备iLux Pro 8.9)
