[2022-01-06 14:39:08,664][conftest.py 14][INFO]: 打开（连接）LuxFlow，开始执行测试用例！！！
[2022-01-06 14:39:21,083][main_page.py 223][INFO]: 进入支撑页
[2022-01-06 14:39:21,861][conftest.py 17][INFO]: 用例执行完毕，关闭软件！！！
[2022-01-06 14:39:22,959][main_page.py 203][INFO]: 关闭软件
[2022-01-06 15:51:59,383][main_page.py 238][INFO]: 进入切片页
[2022-01-06 15:52:47,868][main_page.py 238][INFO]: 进入切片页
[2022-01-06 15:53:52,369][main_page.py 238][INFO]: 进入切片页
[2022-01-06 15:54:32,767][main_page.py 238][INFO]: 进入切片页
[2022-01-06 15:55:18,588][main_page.py 238][INFO]: 进入切片页
[2022-01-06 15:55:47,458][main_page.py 238][INFO]: 进入切片页
[2022-01-06 15:57:17,689][main_page.py 238][INFO]: 进入切片页
[2022-01-06 15:57:31,857][main_page.py 238][INFO]: 进入切片页
[2022-01-06 15:57:49,316][main_page.py 238][INFO]: 进入切片页
[2022-01-06 15:59:06,926][main_page.py 238][INFO]: 进入切片页
[2022-01-06 16:03:32,873][main_page.py 238][INFO]: 进入切片页
[2022-01-06 16:03:34,069][main.py 210][INFO]: 选择应用
[2022-01-06 16:06:03,067][main_page.py 238][INFO]: 进入切片页
[2022-01-06 16:06:04,270][main.py 210][INFO]: 下拉列表，第0个
[2022-01-06 16:08:05,521][main_page.py 238][INFO]: 进入切片页
[2022-01-06 16:08:20,675][main_page.py 238][INFO]: 进入切片页
[2022-01-06 16:08:21,884][main.py 210][INFO]: 下拉列表，第0个
[2022-01-06 16:09:02,452][main_page.py 238][INFO]: 进入切片页
[2022-01-06 16:09:03,683][main.py 210][INFO]: 下拉列表，第0个
[2022-01-06 16:09:12,235][main_page.py 238][INFO]: 进入切片页
[2022-01-06 16:09:13,415][main.py 210][INFO]: 下拉列表，第1个
[2022-01-06 16:11:52,794][main_page.py 238][INFO]: 进入切片页
[2022-01-06 16:11:53,993][main.py 210][INFO]: 下拉列表，第1个
[2022-01-06 17:06:17,338][main_page.py 238][INFO]: 进入切片页
[2022-01-06 17:06:18,066][slice.py 70][INFO]: 高级设置未打开
[2022-01-06 17:10:50,035][main_page.py 238][INFO]: 进入切片页
[2022-01-06 17:10:50,252][slice.py 67][INFO]: 高级设置已打开
[2022-01-06 17:10:50,814][slice.py 89][INFO]: {'X轴': 100, 'Y轴': 100, '外轮廓': 0.2654, '内轮廓': 100}修改完成
[2022-01-06 17:11:33,064][main_page.py 238][INFO]: 进入切片页
[2022-01-06 17:11:33,285][slice.py 67][INFO]: 高级设置已打开
[2022-01-06 17:11:33,808][slice.py 89][INFO]: {'X轴': 100, 'Y轴': 100, '外轮廓': 0.2654, '内轮廓': 100}修改完成
[2022-01-06 17:16:00,272][main_page.py 238][INFO]: 进入切片页
[2022-01-06 17:16:00,526][slice.py 67][INFO]: 高级设置已打开
[2022-01-06 17:16:36,486][main_page.py 238][INFO]: 进入切片页
[2022-01-06 17:16:36,741][slice.py 67][INFO]: 高级设置已打开
[2022-01-06 17:16:40,909][slice.py 91][INFO]: {'X轴': 100, 'Y轴': 100, '外轮廓': 0.2654, '内轮廓': 100}修改完成
[2022-01-06 17:17:30,982][main_page.py 238][INFO]: 进入切片页
[2022-01-06 17:17:31,219][slice.py 67][INFO]: 高级设置已打开
[2022-01-06 17:17:35,555][slice.py 90][INFO]: {'X轴': 100, 'Y轴': 100, '外轮廓': 0.2654, '内轮廓': 0.2654}修改完成
