[2022-03-02 14:09:49,851][conftest.py 14][INFO]: 打开（连接）LuxFlow，开始执行测试用例！！！
[2022-03-02 14:10:08,752][main_page.py 270][INFO]: 进入打开页
[2022-03-02 14:10:10,122][main_page.py 224][INFO]: 点击本地打开按钮
[2022-03-02 14:10:14,004][main.py 62][INFO]: "孔洞花瓶.stl" "谢牙龈.stl"已打开
[2022-03-02 14:10:16,635][main_page.py 39][INFO]: 发现检测修复弹框,是否修复
[2022-03-02 14:10:16,635][main_page.py 41][INFO]: 上传修复
[2022-03-02 14:10:31,844][conftest.py 17][INFO]: 用例执行完毕，关闭软件！！！
[2022-03-02 14:11:50,899][conftest.py 14][INFO]: 打开（连接）LuxFlow，开始执行测试用例！！！
[2022-03-02 14:12:04,174][main_page.py 270][INFO]: 进入打开页
[2022-03-02 14:12:05,603][main_page.py 224][INFO]: 点击本地打开按钮
[2022-03-02 14:12:09,103][main.py 62][INFO]: "孔洞花瓶.stl" "谢牙龈.stl"已打开
[2022-03-02 14:12:11,078][main_page.py 39][INFO]: 发现检测修复弹框,是否修复
[2022-03-02 14:12:11,078][main_page.py 41][INFO]: 上传修复
[2022-03-02 14:12:28,345][main.py 201][INFO]: 已保存截图至E:\LuxFlow_front\picture\打开零件_20220302141227.png
[2022-03-02 14:12:29,082][main_page.py 274][INFO]: 进入支撑页
[2022-03-02 14:12:32,892][main.py 211][INFO]: 下拉列表，第0个
[2022-03-02 14:12:33,115][support.py 117][INFO]: 选择第0项应用
[2022-03-02 14:12:33,115][support.py 182][INFO]: 输入参数{'抬升高度': 10, '支撑点直径': 1.5, '支撑头长度': 2.5, '支撑柱直径': 1.5, '支撑点间距': 4.5, '临界角': 75, '是否加固': True, '起始高度': 1.5, '角度': 50, '支撑加底座': True, '底座高度': 1.5}
[2022-03-02 14:12:47,493][support.py 213][ERROR]: 参数有误，请检查！！
[2022-03-02 14:12:48,737][conftest.py 17][INFO]: 用例执行完毕，关闭软件！！！
[2022-03-02 14:14:26,860][conftest.py 14][INFO]: 打开（连接）LuxFlow，开始执行测试用例！！！
[2022-03-02 14:14:27,583][main_page.py 270][INFO]: 进入打开页
[2022-03-02 14:14:28,862][main_page.py 224][INFO]: 点击本地打开按钮
[2022-03-02 14:14:32,122][main.py 62][INFO]: "孔洞花瓶.stl" "谢牙龈.stl"已打开
[2022-03-02 14:14:34,004][main_page.py 39][INFO]: 发现检测修复弹框,是否修复
[2022-03-02 14:14:34,004][main_page.py 41][INFO]: 上传修复
[2022-03-02 14:14:35,884][conftest.py 17][INFO]: 用例执行完毕，关闭软件！！！
[2022-03-02 14:15:08,800][conftest.py 14][INFO]: 打开（连接）LuxFlow，开始执行测试用例！！！
[2022-03-02 14:15:09,512][main_page.py 270][INFO]: 进入打开页
[2022-03-02 14:15:10,679][main_page.py 224][INFO]: 点击本地打开按钮
[2022-03-02 14:15:13,924][main.py 62][INFO]: "孔洞花瓶.stl" "谢牙龈.stl"已打开
[2022-03-02 14:15:15,773][main_page.py 39][INFO]: 发现检测修复弹框,是否修复
[2022-03-02 14:15:15,773][main_page.py 41][INFO]: 上传修复
[2022-03-02 14:15:30,875][main.py 201][INFO]: 已保存截图至E:\LuxFlow_front\picture\打开零件_20220302141530.png
[2022-03-02 14:15:31,527][main_page.py 274][INFO]: 进入支撑页
[2022-03-02 14:15:34,851][main.py 211][INFO]: 下拉列表，第0个
[2022-03-02 14:15:35,074][support.py 117][INFO]: 选择第0项应用
[2022-03-02 14:15:35,074][support.py 182][INFO]: 输入参数{'抬升高度': 10, '支撑点直径': 1.5, '支撑头长度': 2.5, '支撑柱直径': 1.5, '支撑点间距': 4.5, '临界角': 75, '是否加固': True, '起始高度': 1.5, '角度': 50, '支撑加底座': True, '底座高度': 1.5}
[2022-03-02 14:15:57,457][support.py 213][ERROR]: 参数有误，请检查！！
[2022-03-02 14:15:58,539][conftest.py 17][INFO]: 用例执行完毕，关闭软件！！！
