[2022-01-18 15:09:54,310][conftest.py 14][INFO]: 打开（连接）LuxFlow，开始执行测试用例！！！
[2022-01-18 15:10:16,706][main_page.py 227][INFO]: 进入打开页
[2022-01-18 15:10:17,792][main_page.py 184][INFO]: 点击本地打开按钮
[2022-01-18 15:10:20,440][main.py 61][INFO]: 孔洞花瓶.stl已打开
[2022-01-18 15:10:21,934][main_page.py 56][INFO]: 未发现修复检测弹框，无需修复
[2022-01-18 15:10:22,812][main_page.py 56][INFO]: 未发现修复检测弹框，无需修复
[2022-01-18 15:10:37,457][main.py 200][INFO]: 已保存截图至E:\LuxFlow_front\\picture\打开零件_20220118151036.png
[2022-01-18 15:10:38,029][main_page.py 231][INFO]: 进入支撑页
[2022-01-18 15:10:40,759][main.py 210][INFO]: 下拉列表，第0个
[2022-01-18 15:10:41,071][support.py 117][INFO]: 选择第0项应用
[2022-01-18 15:10:41,071][support.py 182][INFO]: 输入参数{'抬升高度': 10, '支撑点直径': 1.5, '支撑头长度': 2.5, '支撑柱直径': 1.5, '支撑点间距': 4.5, '临界角': 75, '是否加固': True, '起始高度': 1.5, '角度': 50, '支撑加底座': True, '底座高度': 1.5}
[2022-01-18 15:11:11,699][support.py 193][INFO]: 点击是否加固
[2022-01-18 15:11:23,507][support.py 193][INFO]: 点击支撑加底座
[2022-01-18 15:11:32,449][support.py 221][INFO]: 生成
[2022-01-18 15:11:32,449][support.py 223][INFO]: 支撑生成进度条
[2022-01-18 15:11:32,450][main.py 235][INFO]: 计算时常
[2022-01-18 15:11:37,493][main.py 246][INFO]: 未及时捕捉到
[2022-01-18 15:11:37,846][main.py 200][INFO]: 已保存截图至E:\LuxFlow_front\\picture\生成支撑_20220118151137.png
[2022-01-18 15:11:38,299][main_page.py 140][ERROR]: 没有可选零件
[2022-01-18 15:11:38,309][conftest.py 17][INFO]: 用例执行完毕，关闭软件！！！
[2022-01-18 15:12:27,861][conftest.py 14][INFO]: 打开（连接）LuxFlow，开始执行测试用例！！！
[2022-01-18 15:12:28,447][main_page.py 227][INFO]: 进入打开页
[2022-01-18 15:12:29,592][main_page.py 184][INFO]: 点击本地打开按钮
[2022-01-18 15:12:31,978][main.py 61][INFO]: 孔洞花瓶.stl已打开
[2022-01-18 15:12:33,198][main_page.py 56][INFO]: 未发现修复检测弹框，无需修复
[2022-01-18 15:12:34,067][main_page.py 56][INFO]: 未发现修复检测弹框，无需修复
[2022-01-18 15:12:37,193][main.py 200][INFO]: 已保存截图至E:\LuxFlow_front\\picture\打开零件_20220118151236.png
[2022-01-18 15:12:37,768][main_page.py 231][INFO]: 进入支撑页
[2022-01-18 15:12:42,003][main.py 210][INFO]: 下拉列表，第0个
[2022-01-18 15:12:42,153][support.py 117][INFO]: 选择第0项应用
[2022-01-18 15:12:42,153][support.py 182][INFO]: 输入参数{'抬升高度': 10, '支撑点直径': 1.5, '支撑头长度': 2.5, '支撑柱直径': 1.5, '支撑点间距': 4.5, '临界角': 75, '是否加固': True, '起始高度': 1.5, '角度': 50, '支撑加底座': True, '底座高度': 1.5}
[2022-01-18 15:12:48,830][conftest.py 14][INFO]: 打开（连接）LuxFlow，开始执行测试用例！！！
[2022-01-18 15:12:49,388][main_page.py 227][INFO]: 进入打开页
[2022-01-18 15:12:50,444][main_page.py 184][INFO]: 点击本地打开按钮
[2022-01-18 15:12:52,853][main.py 61][INFO]: 孔洞花瓶.stl已打开
[2022-01-18 15:12:54,124][main_page.py 56][INFO]: 未发现修复检测弹框，无需修复
[2022-01-18 15:12:54,991][main_page.py 56][INFO]: 未发现修复检测弹框，无需修复
[2022-01-18 15:12:58,518][main.py 200][INFO]: 已保存截图至E:\LuxFlow_front\\picture\打开零件_20220118151258.png
[2022-01-18 15:12:59,346][main_page.py 231][INFO]: 进入支撑页
[2022-01-18 15:13:00,218][conftest.py 17][INFO]: 用例执行完毕，关闭软件！！！
[2022-01-18 15:13:02,304][main_page.py 212][INFO]: 关闭软件
[2022-01-18 15:20:01,356][conftest.py 14][INFO]: 打开（连接）LuxFlow，开始执行测试用例！！！
[2022-01-18 15:20:02,468][main_page.py 227][INFO]: 进入打开页
[2022-01-18 15:20:03,433][main_page.py 184][INFO]: 点击本地打开按钮
[2022-01-18 15:20:05,941][main.py 61][INFO]: 孔洞花瓶.stl已打开
[2022-01-18 15:20:06,453][main_page.py 35][INFO]: 发现检测修复弹框,是否修
[2022-01-18 15:20:06,453][main_page.py 37][INFO]: 上传修复
[2022-01-18 15:20:10,336][main.py 200][INFO]: 已保存截图至E:\LuxFlow_front\\picture\打开零件_20220118152009.png
[2022-01-18 15:20:10,944][main_page.py 231][INFO]: 进入支撑页
[2022-01-18 15:20:13,838][main.py 210][INFO]: 下拉列表，第0个
[2022-01-18 15:20:14,531][support.py 117][INFO]: 选择第0项应用
[2022-01-18 15:20:14,531][support.py 182][INFO]: 输入参数{'抬升高度': 10, '支撑点直径': 1.5, '支撑头长度': 2.5, '支撑柱直径': 1.5, '支撑点间距': 4.5, '临界角': 75, '是否加固': True, '起始高度': 1.5, '角度': 50, '支撑加底座': True, '底座高度': 1.5}
[2022-01-18 15:21:15,109][conftest.py 14][INFO]: 打开（连接）LuxFlow，开始执行测试用例！！！
[2022-01-18 15:21:15,678][main_page.py 227][INFO]: 进入打开页
[2022-01-18 15:21:18,053][main_page.py 184][INFO]: 点击本地打开按钮
[2022-01-18 15:21:20,822][main.py 61][INFO]: 孔洞花瓶.stl已打开
[2022-01-18 15:21:21,283][main_page.py 35][INFO]: 发现检测修复弹框,是否修
[2022-01-18 15:21:21,283][main_page.py 37][INFO]: 上传修复
[2022-01-18 15:21:25,015][main.py 200][INFO]: 已保存截图至E:\LuxFlow_front\\picture\打开零件_20220118152124.png
[2022-01-18 15:22:47,501][conftest.py 14][INFO]: 打开（连接）LuxFlow，开始执行测试用例！！！
[2022-01-18 15:22:48,084][main_page.py 228][INFO]: 进入打开页
[2022-01-18 15:22:49,033][main_page.py 184][INFO]: 点击本地打开按钮
[2022-01-18 15:24:40,430][conftest.py 14][INFO]: 打开（连接）LuxFlow，开始执行测试用例！！！
[2022-01-18 15:24:41,231][main_page.py 228][INFO]: 进入打开页
[2022-01-18 15:24:42,576][main_page.py 184][INFO]: 点击本地打开按钮
[2022-01-18 15:24:45,569][conftest.py 17][INFO]: 用例执行完毕，关闭软件！！！
[2022-01-18 15:24:49,768][conftest.py 14][INFO]: 打开（连接）LuxFlow，开始执行测试用例！！！
[2022-01-18 15:24:50,282][main_page.py 228][INFO]: 进入打开页
[2022-01-18 15:24:51,216][main_page.py 184][INFO]: 点击本地打开按钮
[2022-01-18 15:25:03,331][main.py 61][INFO]: 孔洞花瓶.stl已打开
[2022-01-18 15:25:03,927][main_page.py 35][INFO]: 发现检测修复弹框,是否修
[2022-01-18 15:25:03,927][main_page.py 37][INFO]: 上传修复
[2022-01-18 15:25:08,121][main.py 200][INFO]: 已保存截图至E:\LuxFlow_front\\picture\打开零件_20220118152507.png
[2022-01-18 15:25:09,777][main_page.py 232][INFO]: 进入支撑页
[2022-01-18 15:25:10,659][conftest.py 17][INFO]: 用例执行完毕，关闭软件！！！
[2022-01-18 15:27:57,989][conftest.py 14][INFO]: 打开（连接）LuxFlow，开始执行测试用例！！！
[2022-01-18 15:27:58,756][main_page.py 228][INFO]: 进入打开页
[2022-01-18 15:27:59,690][main_page.py 184][INFO]: 点击本地打开按钮
[2022-01-18 15:28:12,175][main.py 61][INFO]: 孔洞花瓶.stl已打开
[2022-01-18 15:28:12,704][main_page.py 35][INFO]: 发现检测修复弹框,是否修
[2022-01-18 15:28:12,705][main_page.py 37][INFO]: 上传修复
[2022-01-18 15:28:16,371][main.py 200][INFO]: 已保存截图至E:\LuxFlow_front\\picture\打开零件_20220118152816.png
[2022-01-18 15:28:16,889][main_page.py 232][INFO]: 进入支撑页
[2022-01-18 15:28:19,511][main.py 210][INFO]: 下拉列表，第0个
[2022-01-18 15:28:19,816][support.py 117][INFO]: 选择第0项应用
[2022-01-18 15:28:19,816][support.py 182][INFO]: 输入参数{'抬升高度': 10, '支撑点直径': 1.5, '支撑头长度': 2.5, '支撑柱直径': 1.5, '支撑点间距': 4.5, '临界角': 75, '是否加固': True, '起始高度': 1.5, '角度': 50, '支撑加底座': True, '底座高度': 1.5}
[2022-01-18 15:30:37,210][conftest.py 14][INFO]: 打开（连接）LuxFlow，开始执行测试用例！！！
[2022-01-18 15:30:37,793][main_page.py 228][INFO]: 进入打开页
[2022-01-18 15:30:38,751][main_page.py 184][INFO]: 点击本地打开按钮
[2022-01-18 15:30:51,193][main.py 61][INFO]: 孔洞花瓶.stl已打开
[2022-01-18 15:30:51,747][main_page.py 35][INFO]: 发现检测修复弹框,是否修
[2022-01-18 15:30:51,747][main_page.py 37][INFO]: 上传修复
[2022-01-18 15:30:55,709][main.py 200][INFO]: 已保存截图至E:\LuxFlow_front\\picture\打开零件_20220118153055.png
[2022-01-18 15:30:56,931][main_page.py 232][INFO]: 进入支撑页
[2022-01-18 15:38:38,506][conftest.py 14][INFO]: 打开（连接）LuxFlow，开始执行测试用例！！！
[2022-01-18 15:38:39,085][main_page.py 228][INFO]: 进入打开页
[2022-01-18 15:38:40,113][main_page.py 184][INFO]: 点击本地打开按钮
[2022-01-18 15:38:55,383][conftest.py 17][INFO]: 用例执行完毕，关闭软件！！！
[2022-01-18 15:38:57,377][main_page.py 213][INFO]: 关闭软件
[2022-01-18 15:40:15,920][conftest.py 14][INFO]: 打开（连接）LuxFlow，开始执行测试用例！！！
[2022-01-18 15:40:16,494][main_page.py 228][INFO]: 进入打开页
[2022-01-18 15:40:17,443][main_page.py 184][INFO]: 点击本地打开按钮
[2022-01-18 15:40:32,485][conftest.py 17][INFO]: 用例执行完毕，关闭软件！！！
[2022-01-18 15:40:34,468][main_page.py 213][INFO]: 关闭软件
[2022-01-18 15:43:18,025][conftest.py 14][INFO]: 打开（连接）LuxFlow，开始执行测试用例！！！
[2022-01-18 15:43:18,616][main_page.py 228][INFO]: 进入打开页
[2022-01-18 15:43:19,664][main_page.py 184][INFO]: 点击本地打开按钮
[2022-01-18 15:43:34,939][conftest.py 17][INFO]: 用例执行完毕，关闭软件！！！
[2022-01-18 15:43:37,330][main_page.py 213][INFO]: 关闭软件
[2022-01-18 15:47:11,844][main_page.py 184][INFO]: 点击本地打开按钮
[2022-01-18 15:47:13,910][main.py 68][INFO]: 22.STL已打开
[2022-01-18 15:49:03,319][main_page.py 184][INFO]: 点击本地打开按钮
[2022-01-18 15:49:10,730][main.py 68][INFO]: 22.STL已打开
[2022-01-18 15:51:05,933][main_page.py 184][INFO]: 点击本地打开按钮
[2022-01-18 15:52:06,700][main_page.py 184][INFO]: 点击本地打开按钮
[2022-01-18 15:53:12,772][main_page.py 184][INFO]: 点击本地打开按钮
[2022-01-18 15:53:21,073][main.py 69][INFO]: 22.STL已打开
[2022-01-18 15:53:37,387][main_page.py 184][INFO]: 点击本地打开按钮
[2022-01-18 15:53:45,594][main.py 69][INFO]: 22.STL已打开
[2022-01-18 15:54:45,299][main_page.py 184][INFO]: 点击本地打开按钮
[2022-01-18 16:00:42,870][main_page.py 184][INFO]: 点击本地打开按钮
[2022-01-18 16:00:50,050][main.py 62][INFO]: 22.STL已打开
