[2022-03-08 17:11:27,741][conftest.py 14][INFO]: 打开（连接）LuxFlow，开始执行测试用例！！！
[2022-03-08 17:11:40,256][conftest.py 17][INFO]: 用例执行完毕，关闭软件！！！
[2022-03-08 17:36:50,722][conftest.py 14][INFO]: 打开（连接）LuxFlow，开始执行测试用例！！！
[2022-03-08 17:36:50,864][conftest.py 17][INFO]: 用例执行完毕，关闭软件！！！
[2022-03-08 17:41:58,321][conftest.py 14][INFO]: 打开（连接）LuxFlow，开始执行测试用例！！！
[2022-03-08 17:41:58,352][conftest.py 17][INFO]: 用例执行完毕，关闭软件！！！
[2022-03-08 17:42:42,918][conftest.py 14][INFO]: 打开（连接）LuxFlow，开始执行测试用例！！！
[2022-03-08 17:42:42,943][conftest.py 17][INFO]: 用例执行完毕，关闭软件！！！
[2022-03-08 17:43:30,585][conftest.py 14][INFO]: 打开（连接）LuxFlow，开始执行测试用例！！！
[2022-03-08 17:43:30,814][conftest.py 17][INFO]: 用例执行完毕，关闭软件！！！
[2022-03-08 17:45:16,557][conftest.py 14][INFO]: 打开（连接）LuxFlow，开始执行测试用例！！！
[2022-03-08 17:45:16,582][conftest.py 17][INFO]: 用例执行完毕，关闭软件！！！
[2022-03-08 17:45:34,108][conftest.py 14][INFO]: 打开（连接）LuxFlow，开始执行测试用例！！！
[2022-03-08 17:45:34,133][conftest.py 17][INFO]: 用例执行完毕，关闭软件！！！
[2022-03-08 17:48:37,656][conftest.py 14][INFO]: 打开（连接）LuxFlow，开始执行测试用例！！！
[2022-03-08 17:48:37,729][conftest.py 17][INFO]: 用例执行完毕，关闭软件！！！
[2022-03-08 17:49:00,767][conftest.py 14][INFO]: 打开（连接）LuxFlow，开始执行测试用例！！！
[2022-03-08 17:49:00,842][conftest.py 17][INFO]: 用例执行完毕，关闭软件！！！
[2022-03-08 17:50:15,242][conftest.py 14][INFO]: 打开（连接）LuxFlow，开始执行测试用例！！！
[2022-03-08 17:50:16,728][main_page.py 301][INFO]: 进入打开页
[2022-03-08 17:50:18,883][main_page.py 258][INFO]: 点击本地打开按钮
[2022-03-08 17:50:24,649][conftest.py 17][INFO]: 用例执行完毕，关闭软件！！！
[2022-03-08 17:50:43,145][conftest.py 14][INFO]: 打开（连接）LuxFlow，开始执行测试用例！！！
[2022-03-08 17:50:44,344][main_page.py 301][INFO]: 进入打开页
[2022-03-08 17:50:46,563][main_page.py 258][INFO]: 点击本地打开按钮
[2022-03-08 17:50:51,967][conftest.py 17][INFO]: 用例执行完毕，关闭软件！！！
[2022-03-08 18:12:37,063][conftest.py 14][INFO]: 打开（连接）LuxFlow，开始执行测试用例！！！
[2022-03-08 18:12:38,669][main_page.py 301][INFO]: 进入打开页
[2022-03-08 18:12:41,684][main_page.py 258][INFO]: 点击本地打开按钮
[2022-03-08 18:12:47,177][conftest.py 17][INFO]: 用例执行完毕，关闭软件！！！
[2022-03-08 18:13:12,604][conftest.py 14][INFO]: 打开（连接）LuxFlow，开始执行测试用例！！！
[2022-03-08 18:13:14,195][main_page.py 301][INFO]: 进入打开页
[2022-03-08 18:13:17,202][main_page.py 258][INFO]: 点击本地打开按钮
[2022-03-08 18:13:21,483][main.py 62][INFO]: "孔洞花瓶.stl" "谢牙龈.stl"已打开
[2022-03-08 18:13:23,578][main_page.py 61][INFO]: 未发现修复检测弹框，无需修复
[2022-03-08 18:13:24,575][main_page.py 61][INFO]: 未发现修复检测弹框，无需修复
[2022-03-08 18:14:16,109][conftest.py 17][INFO]: 用例执行完毕，关闭软件！！！
[2022-03-08 18:14:54,461][conftest.py 14][INFO]: 打开（连接）LuxFlow，开始执行测试用例！！！
[2022-03-08 18:14:56,017][main_page.py 301][INFO]: 进入打开页
[2022-03-08 18:14:59,092][main_page.py 258][INFO]: 点击本地打开按钮
[2022-03-08 18:15:02,592][main.py 62][INFO]: "孔洞花瓶.stl" "谢牙龈.stl"已打开
[2022-03-08 18:15:06,159][main_page.py 38][INFO]: 发现检测修复弹框,是否修复
[2022-03-08 18:15:06,159][main_page.py 40][INFO]: 上传修复
[2022-03-08 18:15:35,779][main.py 219][INFO]: 已保存截图至E:\LuxFlow_front\picture\打开零件_20220308181534.png
[2022-03-08 18:15:37,450][main_page.py 305][INFO]: 进入支撑页
[2022-03-08 18:15:46,651][main.py 229][INFO]: 下拉列表，第0个
[2022-03-08 18:15:46,783][support.py 117][INFO]: 选择第0项应用
[2022-03-08 18:15:46,783][support.py 182][INFO]: 输入参数{'抬升高度': 10, '支撑点直径': 1.5, '支撑头长度': 2.5, '支撑柱直径': 1.5, '支撑点间距': 4.5, '临界角': 75, '是否加固': True, '起始高度': 1.5, '角度': 50, '支撑加底座': True, '底座高度': 1.5}
[2022-03-08 18:16:00,259][conftest.py 14][INFO]: 打开（连接）LuxFlow，开始执行测试用例！！！
[2022-03-08 18:16:00,362][conftest.py 17][INFO]: 用例执行完毕，关闭软件！！！
[2022-03-08 18:19:59,583][conftest.py 14][INFO]: 打开（连接）LuxFlow，开始执行测试用例！！！
[2022-03-08 18:20:01,241][main_page.py 301][INFO]: 进入打开页
[2022-03-08 18:20:03,345][main_page.py 301][INFO]: 进入打开页
[2022-03-08 18:20:03,357][conftest.py 17][INFO]: 用例执行完毕，关闭软件！！！
[2022-03-08 18:24:04,983][conftest.py 14][INFO]: 打开（连接）LuxFlow，开始执行测试用例！！！
[2022-03-08 18:24:05,084][conftest.py 17][INFO]: 用例执行完毕，关闭软件！！！
