[2022-03-03 15:45:38,131][conftest.py 14][INFO]: 打开（连接）LuxFlow，开始执行测试用例！！！
[2022-03-03 15:46:00,222][main_page.py 297][INFO]: 进入打开页
[2022-03-03 15:46:01,919][main_page.py 254][INFO]: 点击本地打开按钮
[2022-03-03 15:46:07,416][conftest.py 17][INFO]: 用例执行完毕，关闭软件！！！
[2022-03-03 15:46:36,786][conftest.py 14][INFO]: 打开（连接）LuxFlow，开始执行测试用例！！！
[2022-03-03 15:46:51,688][main_page.py 297][INFO]: 进入打开页
[2022-03-03 15:46:53,397][main_page.py 254][INFO]: 点击本地打开按钮
[2022-03-03 15:46:57,116][main.py 62][INFO]: "孔洞花瓶.stl" "谢牙龈.stl"已打开
[2022-03-03 15:47:00,028][main_page.py 36][INFO]: 发现检测修复弹框,是否修复
[2022-03-03 15:47:00,029][main_page.py 38][INFO]: 上传修复
[2022-03-03 15:47:17,323][main.py 219][INFO]: 已保存截图至E:\LuxFlow_front\picture\打开零件_20220303154716.png
[2022-03-03 15:47:18,286][main_page.py 301][INFO]: 进入支撑页
[2022-03-03 15:47:23,230][main.py 229][INFO]: 下拉列表，第0个
[2022-03-03 15:47:23,355][support.py 117][INFO]: 选择第0项应用
[2022-03-03 15:47:23,355][support.py 182][INFO]: 输入参数{'抬升高度': 10, '支撑点直径': 1.5, '支撑头长度': 2.5, '支撑柱直径': 1.5, '支撑点间距': 4.5, '临界角': 75, '是否加固': True, '起始高度': 1.5, '角度': 50, '支撑加底座': True, '底座高度': 1.5}
[2022-03-03 15:47:57,729][support.py 213][ERROR]: 参数有误，请检查！！
[2022-03-03 15:47:58,974][conftest.py 17][INFO]: 用例执行完毕，关闭软件！！！
[2022-03-03 15:50:05,690][conftest.py 14][INFO]: 打开（连接）LuxFlow，开始执行测试用例！！！
[2022-03-03 15:50:06,644][main_page.py 297][INFO]: 进入打开页
[2022-03-03 15:50:08,436][main_page.py 254][INFO]: 点击本地打开按钮
[2022-03-03 15:50:11,758][main.py 62][INFO]: "孔洞花瓶.stl" "谢牙龈.stl"已打开
[2022-03-03 15:50:13,650][main_page.py 36][INFO]: 发现检测修复弹框,是否修复
[2022-03-03 15:50:13,650][main_page.py 38][INFO]: 上传修复
[2022-03-03 15:50:30,932][main.py 219][INFO]: 已保存截图至E:\LuxFlow_front\picture\打开零件_20220303155030.png
[2022-03-03 15:50:31,932][main_page.py 301][INFO]: 进入支撑页
[2022-03-03 15:50:37,046][main.py 229][INFO]: 下拉列表，第0个
[2022-03-03 15:50:37,162][support.py 117][INFO]: 选择第0项应用
[2022-03-03 15:50:37,162][support.py 182][INFO]: 输入参数{'抬升高度': 10, '支撑点直径': 1.5, '支撑头长度': 2.5, '支撑柱直径': 1.5, '支撑点间距': 4.5, '临界角': 75, '是否加固': True, '起始高度': 1.5, '角度': 50, '支撑加底座': True, '底座高度': 1.5}
[2022-03-03 15:51:22,091][support.py 193][INFO]: 点击是否加固
[2022-03-03 15:51:39,165][support.py 193][INFO]: 点击支撑加底座
[2022-03-03 15:51:50,927][support.py 221][INFO]: 生成
[2022-03-03 15:51:50,927][support.py 223][INFO]: 支撑生成进度条
[2022-03-03 15:51:50,927][main.py 254][INFO]: 计算时常
[2022-03-03 15:51:52,610][main.py 256][INFO]: 控件出现2022-03-03 15:51:52.610034
[2022-03-03 15:51:59,233][main.py 259][INFO]: 控件消失2022-03-03 15:51:59.233679
[2022-03-03 15:51:59,233][main.py 262][INFO]: 存在时长0:00:07
[2022-03-03 15:51:59,835][main.py 219][INFO]: 已保存截图至E:\LuxFlow_front\picture\生成支撑_20220303155159.png
[2022-03-03 15:52:06,564][support.py 233][INFO]: 进入布局页
[2022-03-03 15:52:06,564][batch.py 47][INFO]: 开始输入间距设置
[2022-03-03 15:52:07,927][batch.py 54][INFO]: 输入参数值5
[2022-03-03 15:52:08,888][batch.py 75][INFO]: 选择嵌套布局
[2022-03-03 15:52:09,825][batch.py 80][INFO]: 开始布局
[2022-03-03 15:52:09,825][main.py 254][INFO]: 计算时常
[2022-03-03 15:52:14,830][main.py 265][INFO]: 未及时捕捉到
[2022-03-03 15:52:15,434][main.py 219][INFO]: 已保存截图至E:\LuxFlow_front\picture\布局截图_20220303155214.png
[2022-03-03 15:52:16,396][main_page.py 316][INFO]: 进入切片页
[2022-03-03 15:52:17,285][slice.py 34][INFO]: 在自定义里操作
[2022-03-03 15:52:18,345][main.py 254][INFO]: 计算时常
[2022-03-03 15:52:19,992][main.py 256][INFO]: 控件出现2022-03-03 15:52:19.992964
[2022-03-03 15:53:18,650][main.py 259][INFO]: 控件消失2022-03-03 15:53:18.650222
[2022-03-03 15:53:18,650][main.py 262][INFO]: 存在时长0:00:59
[2022-03-03 15:53:19,273][main.py 219][INFO]: 已保存截图至E:\LuxFlow_front\picture\切片后截图_20220303155318.png
[2022-03-03 15:53:19,274][slice_frame.py 63][INFO]: 准备跳转进入上传页
[2022-03-03 15:53:20,392][conftest.py 17][INFO]: 用例执行完毕，关闭软件！！！
[2022-03-03 16:20:41,567][conftest.py 14][INFO]: 打开（连接）LuxFlow，开始执行测试用例！！！
[2022-03-03 16:20:42,621][main_page.py 299][INFO]: 进入打开页
[2022-03-03 16:20:43,356][conftest.py 17][INFO]: 用例执行完毕，关闭软件！！！
[2022-03-03 16:39:43,577][conftest.py 14][INFO]: 打开（连接）LuxFlow，开始执行测试用例！！！
[2022-03-03 16:39:44,586][main_page.py 300][INFO]: 进入打开页
[2022-03-03 16:39:46,412][main_page.py 257][INFO]: 点击本地打开按钮
[2022-03-03 16:39:49,637][main.py 62][INFO]: "孔洞花瓶.stl" "谢牙龈.stl"已打开
[2022-03-03 16:39:51,534][main_page.py 37][INFO]: 发现检测修复弹框,是否修复
[2022-03-03 16:39:51,534][main_page.py 49][INFO]: 忽略
[2022-03-03 16:39:54,253][main.py 219][INFO]: 已保存截图至E:\LuxFlow_front\picture\导入模型_20220303163952.png
[2022-03-03 16:39:55,825][main.py 219][INFO]: 已保存截图至E:\LuxFlow_front\picture\选中模型_20220303163955.png
[2022-03-03 16:39:55,825][conftest.py 17][INFO]: 用例执行完毕，关闭软件！！！
[2022-03-03 16:41:01,621][conftest.py 14][INFO]: 打开（连接）LuxFlow，开始执行测试用例！！！
[2022-03-03 16:41:02,584][main_page.py 300][INFO]: 进入打开页
[2022-03-03 16:41:04,356][main_page.py 257][INFO]: 点击本地打开按钮
[2022-03-03 16:41:07,550][main.py 62][INFO]: "孔洞花瓶.stl" "谢牙龈.stl"已打开
[2022-03-03 16:41:09,372][main_page.py 37][INFO]: 发现检测修复弹框,是否修复
[2022-03-03 16:41:09,373][main_page.py 49][INFO]: 忽略
[2022-03-03 16:41:11,447][main.py 219][INFO]: 已保存截图至E:\LuxFlow_front\picture\导入模型_20220303164110.png
[2022-03-03 16:41:12,886][main.py 219][INFO]: 已保存截图至E:\LuxFlow_front\picture\选中模型_20220303164112.png
[2022-03-03 16:41:12,887][conftest.py 17][INFO]: 用例执行完毕，关闭软件！！！
[2022-03-03 16:41:47,324][conftest.py 14][INFO]: 打开（连接）LuxFlow，开始执行测试用例！！！
[2022-03-03 16:41:48,282][main_page.py 300][INFO]: 进入打开页
[2022-03-03 16:41:50,031][main_page.py 257][INFO]: 点击本地打开按钮
[2022-03-03 16:41:53,240][main.py 62][INFO]: "孔洞花瓶.stl" "谢牙龈.stl"已打开
[2022-03-03 16:41:55,023][main_page.py 37][INFO]: 发现检测修复弹框,是否修复
[2022-03-03 16:41:55,024][main_page.py 49][INFO]: 忽略
[2022-03-03 16:41:57,111][main.py 219][INFO]: 已保存截图至E:\LuxFlow_front\picture\导入模型_20220303164156.png
[2022-03-03 16:41:58,568][main.py 219][INFO]: 已保存截图至E:\LuxFlow_front\picture\选中模型_20220303164158.png
[2022-03-03 16:41:58,569][conftest.py 17][INFO]: 用例执行完毕，关闭软件！！！
[2022-03-03 16:45:21,023][conftest.py 14][INFO]: 打开（连接）LuxFlow，开始执行测试用例！！！
[2022-03-03 16:45:21,998][main_page.py 300][INFO]: 进入打开页
[2022-03-03 16:45:23,773][main_page.py 257][INFO]: 点击本地打开按钮
[2022-03-03 16:45:26,978][main.py 62][INFO]: "孔洞花瓶.stl" "谢牙龈.stl"已打开
[2022-03-03 16:45:28,787][main_page.py 37][INFO]: 发现检测修复弹框,是否修复
[2022-03-03 16:45:28,787][main_page.py 49][INFO]: 忽略
[2022-03-03 16:45:30,837][main.py 219][INFO]: 已保存截图至E:\LuxFlow_front\picture\导入模型_20220303164530.png
[2022-03-03 16:45:33,555][main.py 219][INFO]: 已保存截图至E:\LuxFlow_front\picture\选中模型_20220303164533.png
[2022-03-03 16:45:33,556][conftest.py 17][INFO]: 用例执行完毕，关闭软件！！！
[2022-03-03 17:16:12,094][conftest.py 14][INFO]: 打开（连接）LuxFlow，开始执行测试用例！！！
[2022-03-03 17:16:13,067][main_page.py 300][INFO]: 进入打开页
[2022-03-03 17:16:14,848][main_page.py 257][INFO]: 点击本地打开按钮
[2022-03-03 17:16:18,044][main.py 62][INFO]: "孔洞花瓶.stl" "谢牙龈.stl"已打开
[2022-03-03 17:16:19,874][main_page.py 37][INFO]: 发现检测修复弹框,是否修复
[2022-03-03 17:16:19,874][main_page.py 49][INFO]: 忽略
[2022-03-03 17:16:22,001][main.py 219][INFO]: 已保存截图至E:\LuxFlow_front\picture\导入模型_20220303171621.png
[2022-03-03 17:16:24,701][main.py 219][INFO]: 已保存截图至E:\LuxFlow_front\picture\选中模型_20220303171624.png
[2022-03-03 17:16:25,643][main_page.py 300][INFO]: 进入打开页
[2022-03-03 17:16:27,437][main_page.py 257][INFO]: 点击本地打开按钮
[2022-03-03 17:16:33,360][main.py 62][INFO]: "heart.stl" "22.STL" "耳机.stx" "立方体.stl" "眼镜.stl" "通用手机支架.stl" "十字.stl" 已打开
[2022-03-03 17:16:38,836][main_page.py 37][INFO]: 发现检测修复弹框,是否修复
[2022-03-03 17:16:38,836][main_page.py 39][INFO]: 上传修复
[2022-03-03 17:16:48,259][main.py 219][INFO]: 已保存截图至E:\LuxFlow_front\picture\导入模型_20220303171647.png
[2022-03-03 17:16:50,967][main.py 219][INFO]: 已保存截图至E:\LuxFlow_front\picture\选中模型_20220303171650.png
[2022-03-03 17:16:50,985][conftest.py 17][INFO]: 用例执行完毕，关闭软件！！！
[2022-03-03 17:36:36,820][conftest.py 14][INFO]: 打开（连接）LuxFlow，开始执行测试用例！！！
[2022-03-03 17:36:49,224][main_page.py 300][INFO]: 进入打开页
[2022-03-03 17:36:51,183][main_page.py 257][INFO]: 点击本地打开按钮
[2022-03-03 17:36:53,933][main.py 62][INFO]: 孔洞花瓶.stl已打开
[2022-03-03 17:36:54,916][main_page.py 37][INFO]: 发现检测修复弹框,是否修复
[2022-03-03 17:36:54,916][main_page.py 49][INFO]: 忽略
[2022-03-03 17:36:56,745][main.py 219][INFO]: 已保存截图至E:\LuxFlow_front\picture\导入模型_20220303173656.png
[2022-03-03 17:36:59,809][main.py 219][INFO]: 已保存截图至E:\LuxFlow_front\picture\选中模型_20220303173659.png
[2022-03-03 17:37:00,790][main_page.py 300][INFO]: 进入打开页
[2022-03-03 17:37:02,639][main_page.py 257][INFO]: 点击本地打开按钮
[2022-03-03 17:37:08,659][main.py 62][INFO]: "heart.stl" "22.STL" "耳机.stx" "立方体.stl" "眼镜.stl" "通用手机支架.stl" "十字.stl" 已打开
[2022-03-03 17:37:10,643][main_page.py 37][INFO]: 发现检测修复弹框,是否修复
[2022-03-03 17:37:10,643][main_page.py 39][INFO]: 上传修复
[2022-03-03 17:37:19,725][main.py 219][INFO]: 已保存截图至E:\LuxFlow_front\picture\导入模型_20220303173719.png
[2022-03-03 17:37:22,610][main.py 219][INFO]: 已保存截图至E:\LuxFlow_front\picture\选中模型_20220303173722.png
[2022-03-03 17:37:22,612][conftest.py 17][INFO]: 用例执行完毕，关闭软件！！！
[2022-03-03 17:39:19,641][conftest.py 14][INFO]: 打开（连接）LuxFlow，开始执行测试用例！！！
[2022-03-03 17:39:31,904][main_page.py 300][INFO]: 进入打开页
[2022-03-03 17:39:33,722][main_page.py 257][INFO]: 点击本地打开按钮
[2022-03-03 17:39:36,514][main.py 62][INFO]: 孔洞花瓶.stl已打开
[2022-03-03 17:39:37,471][main_page.py 37][INFO]: 发现检测修复弹框,是否修复
[2022-03-03 17:39:37,471][main_page.py 49][INFO]: 忽略
[2022-03-03 17:39:39,229][main.py 219][INFO]: 已保存截图至E:\LuxFlow_front\picture\导入模型_20220303173938.png
[2022-03-03 17:39:43,307][main.py 219][INFO]: 已保存截图至E:\LuxFlow_front\picture\选中模型_20220303173942.png
[2022-03-03 17:39:44,256][main_page.py 300][INFO]: 进入打开页
[2022-03-03 17:39:46,047][main_page.py 257][INFO]: 点击本地打开按钮
[2022-03-03 17:39:52,096][main.py 62][INFO]: "heart.stl" "22.STL" "耳机.stx" "立方体.stl" "眼镜.stl" "通用手机支架.stl" "十字.stl" 已打开
[2022-03-03 17:39:53,983][main_page.py 37][INFO]: 发现检测修复弹框,是否修复
[2022-03-03 17:39:53,983][main_page.py 39][INFO]: 上传修复
[2022-03-03 17:40:02,898][main.py 219][INFO]: 已保存截图至E:\LuxFlow_front\picture\导入模型_20220303174002.png
[2022-03-03 17:40:07,008][main.py 219][INFO]: 已保存截图至E:\LuxFlow_front\picture\选中模型_20220303174006.png
[2022-03-03 17:40:07,009][conftest.py 17][INFO]: 用例执行完毕，关闭软件！！！
